[2020-09-15T14:00:13+08:00][ info ] [ LANG ] /Users/mac/Downloads/chengya/statics/thinkphp/lang/zh-cn.php
info
[2020-09-15T14:00:25+08:00][ info ] [ LANG ] /Users/mac/Downloads/chengya/statics/thinkphp/lang/zh-cn.php
info
[2020-09-15T14:00:51+08:00][ info ] [ LANG ] /Users/mac/Downloads/chengya/statics/thinkphp/lang/zh-cn.php
info
[2020-09-15T14:00:54+08:00][ info ] [ LANG ] /Users/mac/Downloads/chengya/statics/thinkphp/lang/zh-cn.php
info
[2020-09-15T14:01:00+08:00][ info ] [ LANG ] /Users/mac/Downloads/chengya/statics/thinkphp/lang/zh-cn.php
info
[2020-09-15T14:01:02+08:00][ info ] [ LANG ] /Users/mac/Downloads/chengya/statics/thinkphp/lang/zh-cn.php
info
[2020-09-15T14:01:03+08:00][ info ] [ LANG ] /Users/mac/Downloads/chengya/statics/thinkphp/lang/zh-cn.php
info
[2020-09-15T14:01:04+08:00][ info ] [ LANG ] /Users/mac/Downloads/chengya/statics/thinkphp/lang/zh-cn.php
info
[2020-09-15T14:01:05+08:00][ info ] [ LANG ] /Users/mac/Downloads/chengya/statics/thinkphp/lang/zh-cn.php
info
[2020-09-15T14:01:06+08:00][ info ] [ LANG ] /Users/mac/Downloads/chengya/statics/thinkphp/lang/zh-cn.php
info
[2020-09-15T14:01:07+08:00][ info ] [ LANG ] /Users/mac/Downloads/chengya/statics/thinkphp/lang/zh-cn.php
info
[2020-09-15T14:01:08+08:00][ info ] [ LANG ] /Users/mac/Downloads/chengya/statics/thinkphp/lang/zh-cn.php
info
[2020-09-15T14:01:18+08:00][ info ] [ LANG ] /Users/mac/Downloads/chengya/statics/thinkphp/lang/zh-cn.php
info
[2020-09-15T14:04:19+08:00][ info ] [ LANG ] /Users/mac/Downloads/chengya/statics/thinkphp/lang/zh-cn.php
info
[2020-09-15T14:05:24+08:00][ info ] [ LANG ] /Users/mac/Downloads/chengya/statics/thinkphp/lang/zh-cn.php
info
[2020-09-15T14:05:32+08:00][ info ] [ LANG ] /Users/mac/Downloads/chengya/statics/thinkphp/lang/zh-cn.php
info
[2020-09-15T16:04:29+08:00][ info ] [ LANG ] /Users/mac/Downloads/chengya/statics/thinkphp/lang/zh-cn.php
info
[2020-09-15T16:05:48+08:00][ info ] [ LANG ] /Users/mac/Downloads/chengya/statics/thinkphp/lang/zh-cn.php
info
[2020-09-15T16:06:38+08:00][ info ] [ LANG ] /Users/mac/Downloads/chengya/statics/thinkphp/lang/zh-cn.php
info
[2020-09-15T16:09:53+08:00][ info ] [ LANG ] /Users/mac/Downloads/chengya/statics/thinkphp/lang/zh-cn.php
info
[2020-09-15T16:12:22+08:00][ info ] [ LANG ] /Users/mac/Downloads/chengya/statics/thinkphp/lang/zh-cn.php
info
[2020-09-15T16:12:22+08:00][ error ] [0]Fatal error: Call to a member function index() on null[/Users/mac/Downloads/chengya/statics/application/admin/service/Es.php:27]
error
[2020-09-15T16:13:28+08:00][ info ] [ LANG ] /Users/mac/Downloads/chengya/statics/thinkphp/lang/zh-cn.php
info
[2020-09-15T16:13:29+08:00][ error ] [0]Fatal error: Call to a member function index() on null[/Users/mac/Downloads/chengya/statics/application/admin/service/Es.php:28]
error
[2020-09-15T16:35:24+08:00][ info ] [ LANG ] /Users/mac/Downloads/chengya/statics/thinkphp/lang/zh-cn.php
info
[2020-09-15T16:35:24+08:00][ error ] [0]Fatal error: Call to a member function index() on null[/Users/mac/Downloads/chengya/statics/application/admin/service/Es.php:28]
error
[2020-09-15T16:36:16+08:00][ info ] [ LANG ] /Users/mac/Downloads/chengya/statics/thinkphp/lang/zh-cn.php
info
[2020-09-15T16:36:16+08:00][ error ] [16384]Specifying types in urls has been deprecated[/Users/mac/Downloads/chengya/statics/vendor/elasticsearch/elasticsearch/src/Elasticsearch/Endpoints/Index.php:41]
error
[2020-09-15T16:36:17+08:00][ error ] [16384]Specifying types in urls has been deprecated[/Users/mac/Downloads/chengya/statics/vendor/elasticsearch/elasticsearch/src/Elasticsearch/Endpoints/Index.php:41]
error
[2020-09-15T16:36:24+08:00][ error ] [16384]Specifying types in urls has been deprecated[/Users/mac/Downloads/chengya/statics/vendor/elasticsearch/elasticsearch/src/Elasticsearch/Endpoints/Index.php:41]
error
[2020-09-15T16:52:09+08:00][ info ] [ LANG ] /Users/mac/Downloads/chengya/cynsq/thinkphp/lang/zh-cn.php
info
[2020-09-15T16:53:00+08:00][ info ] [ LANG ] /Users/mac/Downloads/chengya/cynsq/thinkphp/lang/zh-cn.php
info
[2020-09-15T16:53:01+08:00][ error ] [16384]Specifying types in urls has been deprecated[/Users/mac/Downloads/chengya/cynsq/vendor/elasticsearch/elasticsearch/src/Elasticsearch/Endpoints/Index.php:41]
error
[2020-09-15T16:53:54+08:00][ info ] [ LANG ] /Users/mac/Downloads/chengya/cynsq/thinkphp/lang/zh-cn.php
info
[2020-09-15T16:53:54+08:00][ error ] [16384]Specifying types in urls has been deprecated[/Users/mac/Downloads/chengya/cynsq/vendor/elasticsearch/elasticsearch/src/Elasticsearch/Endpoints/Index.php:41]
error
[2020-09-15T17:08:24+08:00][ info ] [ LANG ] /Users/mac/Downloads/chengya/cynsq/thinkphp/lang/zh-cn.php
info
[2020-09-15T17:09:14+08:00][ info ] [ LANG ] /Users/mac/Downloads/chengya/cynsq/thinkphp/lang/zh-cn.php
info
[2020-09-15T17:09:14+08:00][ error ] [16384]Specifying types in urls has been deprecated[/Users/mac/Downloads/chengya/cynsq/vendor/elasticsearch/elasticsearch/src/Elasticsearch/Endpoints/Index.php:41]
error
[2020-09-15T17:11:39+08:00][ info ] [ LANG ] /Users/mac/Downloads/chengya/cynsq/thinkphp/lang/zh-cn.php
info
[2020-09-15T17:11:39+08:00][ error ] [16384]Specifying types in urls has been deprecated[/Users/mac/Downloads/chengya/cynsq/vendor/elasticsearch/elasticsearch/src/Elasticsearch/Endpoints/Index.php:41]
error
[2020-09-15T17:14:39+08:00][ info ] [ LANG ] /Users/mac/Downloads/chengya/cynsq/thinkphp/lang/zh-cn.php
info
[2020-09-15T17:14:39+08:00][ error ] [16384]Specifying types in urls has been deprecated[/Users/mac/Downloads/chengya/cynsq/vendor/elasticsearch/elasticsearch/src/Elasticsearch/Endpoints/Index.php:41]
error
[2020-09-15T17:14:39+08:00][ error ] [16384]Specifying types in urls has been deprecated[/Users/mac/Downloads/chengya/cynsq/vendor/elasticsearch/elasticsearch/src/Elasticsearch/Endpoints/Index.php:41]
error
[2020-09-15T17:14:39+08:00][ error ] [16384]Specifying types in urls has been deprecated[/Users/mac/Downloads/chengya/cynsq/vendor/elasticsearch/elasticsearch/src/Elasticsearch/Endpoints/Index.php:41]
error
[2020-09-15T17:15:33+08:00][ info ] [ LANG ] /Users/mac/Downloads/chengya/cynsq/thinkphp/lang/zh-cn.php
info
[2020-09-15T17:15:33+08:00][ error ] [16384]Specifying types in urls has been deprecated[/Users/mac/Downloads/chengya/cynsq/vendor/elasticsearch/elasticsearch/src/Elasticsearch/Endpoints/Index.php:41]
error
[2020-09-15T17:39:16+08:00][ info ] [ LANG ] /Users/mac/Downloads/chengya/cynsq/thinkphp/lang/zh-cn.php
info
[2020-09-15T17:39:16+08:00][ error ] [16384]Specifying types in urls has been deprecated[/Users/mac/Downloads/chengya/cynsq/vendor/elasticsearch/elasticsearch/src/Elasticsearch/Endpoints/Index.php:41]
error
[2020-09-15T17:40:11+08:00][ info ] [ LANG ] /Users/mac/Downloads/chengya/cynsq/thinkphp/lang/zh-cn.php
info
[2020-09-15T17:40:11+08:00][ error ] [16384]Specifying types in urls has been deprecated[/Users/mac/Downloads/chengya/cynsq/vendor/elasticsearch/elasticsearch/src/Elasticsearch/Endpoints/Index.php:41]
error
[2020-09-15T17:41:50+08:00][ info ] [ LANG ] /Users/mac/Downloads/chengya/cynsq/thinkphp/lang/zh-cn.php
info
[2020-09-15T17:41:50+08:00][ error ] [16384]Specifying types in urls has been deprecated[/Users/mac/Downloads/chengya/cynsq/vendor/elasticsearch/elasticsearch/src/Elasticsearch/Endpoints/Index.php:41]
error
[2020-09-15T17:42:11+08:00][ info ] [ LANG ] /Users/mac/Downloads/chengya/cynsq/thinkphp/lang/zh-cn.php
info
[2020-09-15T17:42:12+08:00][ error ] [16384]Specifying types in urls has been deprecated[/Users/mac/Downloads/chengya/cynsq/vendor/elasticsearch/elasticsearch/src/Elasticsearch/Endpoints/Index.php:41]
error
[2020-09-15T18:06:43+08:00][ info ] [ LANG ] /Users/mac/Downloads/chengya/cynsq/thinkphp/lang/zh-cn.php
info
[2020-09-15T18:06:44+08:00][ error ] [16384]Specifying types in urls has been deprecated[/Users/mac/Downloads/chengya/cynsq/vendor/elasticsearch/elasticsearch/src/Elasticsearch/Endpoints/Index.php:41]
error
[2020-09-15T18:06:44+08:00][ error ] [16384]Specifying types in urls has been deprecated[/Users/mac/Downloads/chengya/cynsq/vendor/elasticsearch/elasticsearch/src/Elasticsearch/Endpoints/Index.php:41]
error
[2020-09-15T18:07:32+08:00][ info ] [ LANG ] /Users/mac/Downloads/chengya/cynsq/thinkphp/lang/zh-cn.php
info
[2020-09-15T18:07:32+08:00][ error ] [16384]Specifying types in urls has been deprecated[/Users/mac/Downloads/chengya/cynsq/vendor/elasticsearch/elasticsearch/src/Elasticsearch/Endpoints/Index.php:41]
error
