[2020-09-21T08:34:38+08:00][ info ] [ LANG ] /Users/mac/Downloads/chengya/cynsq/thinkphp/lang/zh-cn.php
info
[2020-09-21T08:57:28+08:00][ info ] [ LANG ] /Users/mac/Downloads/chengya/cynsq/thinkphp/lang/zh-cn.php
info
[2020-09-21T14:47:37+08:00][ info ] [ LANG ] /Users/mac/Downloads/chengya/cynsq/thinkphp/lang/zh-cn.php
info
[2020-09-21T14:47:37+08:00][ error ] [0]Fatal error: Class 'OkStuff\PhpNsq\Cmd\Subscribe' not found[/Users/mac/Downloads/chengya/cynsq/application/command/Nsq.php:12]
error
[2020-09-21T14:50:40+08:00][ info ] [ LANG ] /Users/mac/Downloads/chengya/cynsq/thinkphp/lang/zh-cn.php
info
[2020-09-21T14:50:59+08:00][ info ] [ LANG ] /Users/mac/Downloads/chengya/cynsq/thinkphp/lang/zh-cn.php
info
[2020-09-21T14:57:19+08:00][ info ] [ LANG ] /Users/mac/Downloads/chengya/cynsq/thinkphp/lang/zh-cn.php
info
[2020-09-21T14:58:13+08:00][ info ] [ LANG ] /Users/mac/Downloads/chengya/cynsq/thinkphp/lang/zh-cn.php
info
[2020-09-21T14:58:19+08:00][ error ] [16384]Specifying types in urls has been deprecated[/Users/mac/Downloads/chengya/cynsq/vendor/elasticsearch/elasticsearch/src/Elasticsearch/Endpoints/Search.php:34]
error
[2020-09-21T14:58:19+08:00][ error ] [16384]Specifying types in urls has been deprecated[/Users/mac/Downloads/chengya/cynsq/vendor/elasticsearch/elasticsearch/src/Elasticsearch/Endpoints/Search.php:34]
error
[2020-09-21T14:58:19+08:00][ error ] [16384]Specifying types in urls has been deprecated[/Users/mac/Downloads/chengya/cynsq/vendor/elasticsearch/elasticsearch/src/Elasticsearch/Endpoints/Search.php:34]
error
[2020-09-21T14:58:19+08:00][ error ] [16384]Specifying types in urls has been deprecated[/Users/mac/Downloads/chengya/cynsq/vendor/elasticsearch/elasticsearch/src/Elasticsearch/Endpoints/Search.php:34]
error
[2020-09-21T14:58:19+08:00][ info ] [ DB ] INIT mysql
info
[2020-09-21T14:58:19+08:00][ info ] [ DB ] INIT mysql
info
[2020-09-21T14:58:19+08:00][ info ] [ DB ] INIT mysql
info
[2020-09-21T14:58:19+08:00][ info ] [ DB ] INIT mysql
info
[2020-09-21T14:58:19+08:00][ sql ] [ DB ] CONNECT:[ UseTime:0.027449s ] mysql:host=127.0.0.1;dbname=statics;charset=utf8
sql
[2020-09-21T14:58:19+08:00][ sql ] [ DB ] CONNECT:[ UseTime:0.022479s ] mysql:host=127.0.0.1;dbname=statics;charset=utf8
sql
[2020-09-21T14:58:19+08:00][ sql ] [ DB ] CONNECT:[ UseTime:0.047118s ] mysql:host=127.0.0.1;dbname=statics;charset=utf8
sql
[2020-09-21T14:58:19+08:00][ sql ] [ DB ] CONNECT:[ UseTime:0.044914s ] mysql:host=127.0.0.1;dbname=statics;charset=utf8
sql
[2020-09-21T14:58:19+08:00][ sql ] [ SQL ] SHOW COLUMNS FROM `cy_static_data_1000` [ RunTime:0.076249s ]
sql
[2020-09-21T14:58:19+08:00][ sql ] [ SQL ] INSERT INTO `cy_static_data_1000` (`point_id` , `expoint` , `account` , `day` , `hour`) VALUES (1000 , 0 , 2 , 20200921 , 13) [ RunTime:0.031173s ]
sql
[2020-09-21T14:58:19+08:00][ sql ] [ SQL ] INSERT INTO `cy_static_data_1000` (`point_id` , `expoint` , `account` , `day` , `hour`) VALUES (1001 , 0 , 2 , 20200921 , 13) [ RunTime:0.030104s ]
sql
[2020-09-21T14:58:19+08:00][ sql ] [ SQL ] SHOW COLUMNS FROM `cy_static_data_1000` [ RunTime:0.175752s ]
sql
[2020-09-21T14:58:19+08:00][ sql ] [ SQL ] SHOW COLUMNS FROM `cy_static_data_1000` [ RunTime:0.129535s ]
sql
[2020-09-21T14:58:19+08:00][ sql ] [ SQL ] INSERT INTO `cy_static_data_1000` (`point_id` , `expoint` , `account` , `day` , `hour`) VALUES (1000 , 0 , 2 , 20200921 , 13) [ RunTime:0.028043s ]
sql
[2020-09-21T14:58:19+08:00][ sql ] [ SQL ] SHOW COLUMNS FROM `cy_static_data_1000` [ RunTime:0.173918s ]
sql
[2020-09-21T14:58:19+08:00][ sql ] [ SQL ] INSERT INTO `cy_static_data_1000` (`point_id` , `expoint` , `account` , `day` , `hour`) VALUES (1000 , 0 , 2 , 20200921 , 13) [ RunTime:0.038537s ]
sql
[2020-09-21T14:58:19+08:00][ sql ] [ SQL ] INSERT INTO `cy_static_data_1000` (`point_id` , `expoint` , `account` , `day` , `hour`) VALUES (1001 , 0 , 2 , 20200921 , 13) [ RunTime:0.038659s ]
sql
[2020-09-21T14:58:19+08:00][ sql ] [ SQL ] INSERT INTO `cy_static_data_1000` (`point_id` , `expoint` , `account` , `day` , `hour`) VALUES (1000 , 0 , 2 , 20200921 , 13) [ RunTime:0.032151s ]
sql
[2020-09-21T14:58:19+08:00][ sql ] [ SQL ] INSERT INTO `cy_static_data_1000` (`point_id` , `expoint` , `account` , `day` , `hour`) VALUES (1001 , 0 , 2 , 20200921 , 13) [ RunTime:0.027240s ]
sql
[2020-09-21T14:58:19+08:00][ sql ] [ SQL ] INSERT INTO `cy_static_data_1000` (`point_id` , `expoint` , `account` , `day` , `hour`) VALUES (1001 , 0 , 2 , 20200921 , 13) [ RunTime:0.018214s ]
sql
[2020-09-21T14:58:23+08:00][ error ] [16384]Specifying types in urls has been deprecated[/Users/mac/Downloads/chengya/cynsq/vendor/elasticsearch/elasticsearch/src/Elasticsearch/Endpoints/Search.php:34]
error
[2020-09-21T14:58:23+08:00][ error ] [16384]Specifying types in urls has been deprecated[/Users/mac/Downloads/chengya/cynsq/vendor/elasticsearch/elasticsearch/src/Elasticsearch/Endpoints/Search.php:34]
error
[2020-09-21T14:58:23+08:00][ error ] [16384]Specifying types in urls has been deprecated[/Users/mac/Downloads/chengya/cynsq/vendor/elasticsearch/elasticsearch/src/Elasticsearch/Endpoints/Search.php:34]
error
[2020-09-21T14:58:23+08:00][ error ] [16384]Specifying types in urls has been deprecated[/Users/mac/Downloads/chengya/cynsq/vendor/elasticsearch/elasticsearch/src/Elasticsearch/Endpoints/Search.php:34]
error
[2020-09-21T14:58:23+08:00][ sql ] [ SQL ] INSERT INTO `cy_static_data_1000` (`point_id` , `expoint` , `account` , `day` , `hour`) VALUES (1000 , 0 , 2 , 20200921 , 13) [ RunTime:0.025066s ]
sql
[2020-09-21T14:58:23+08:00][ sql ] [ SQL ] INSERT INTO `cy_static_data_1000` (`point_id` , `expoint` , `account` , `day` , `hour`) VALUES (1000 , 0 , 2 , 20200921 , 13) [ RunTime:0.031941s ]
sql
[2020-09-21T14:58:23+08:00][ sql ] [ SQL ] INSERT INTO `cy_static_data_1000` (`point_id` , `expoint` , `account` , `day` , `hour`) VALUES (1000 , 0 , 2 , 20200921 , 13) [ RunTime:0.030591s ]
sql
[2020-09-21T14:58:23+08:00][ sql ] [ SQL ] INSERT INTO `cy_static_data_1000` (`point_id` , `expoint` , `account` , `day` , `hour`) VALUES (1000 , 0 , 2 , 20200921 , 13) [ RunTime:0.032827s ]
sql
[2020-09-21T14:58:24+08:00][ sql ] [ SQL ] INSERT INTO `cy_static_data_1000` (`point_id` , `expoint` , `account` , `day` , `hour`) VALUES (1001 , 0 , 2 , 20200921 , 13) [ RunTime:0.043382s ]
sql
[2020-09-21T14:58:24+08:00][ sql ] [ SQL ] INSERT INTO `cy_static_data_1000` (`point_id` , `expoint` , `account` , `day` , `hour`) VALUES (1001 , 0 , 2 , 20200921 , 13) [ RunTime:0.039107s ]
sql
[2020-09-21T14:58:24+08:00][ sql ] [ SQL ] INSERT INTO `cy_static_data_1000` (`point_id` , `expoint` , `account` , `day` , `hour`) VALUES (1001 , 0 , 2 , 20200921 , 13) [ RunTime:0.028383s ]
sql
[2020-09-21T14:58:24+08:00][ sql ] [ SQL ] INSERT INTO `cy_static_data_1000` (`point_id` , `expoint` , `account` , `day` , `hour`) VALUES (1001 , 0 , 2 , 20200921 , 13) [ RunTime:0.039209s ]
sql
[2020-09-21T14:59:06+08:00][ info ] [ LANG ] /Users/mac/Downloads/chengya/cynsq/thinkphp/lang/zh-cn.php
info
[2020-09-21T14:59:26+08:00][ error ] [16384]Specifying types in urls has been deprecated[/Users/mac/Downloads/chengya/cynsq/vendor/elasticsearch/elasticsearch/src/Elasticsearch/Endpoints/Search.php:34]
error
[2020-09-21T14:59:26+08:00][ error ] [16384]Specifying types in urls has been deprecated[/Users/mac/Downloads/chengya/cynsq/vendor/elasticsearch/elasticsearch/src/Elasticsearch/Endpoints/Search.php:34]
error
[2020-09-21T14:59:26+08:00][ error ] [16384]Specifying types in urls has been deprecated[/Users/mac/Downloads/chengya/cynsq/vendor/elasticsearch/elasticsearch/src/Elasticsearch/Endpoints/Search.php:34]
error
[2020-09-21T14:59:26+08:00][ error ] [16384]Specifying types in urls has been deprecated[/Users/mac/Downloads/chengya/cynsq/vendor/elasticsearch/elasticsearch/src/Elasticsearch/Endpoints/Search.php:34]
error
[2020-09-21T14:59:27+08:00][ info ] [ DB ] INIT mysql
info
[2020-09-21T14:59:27+08:00][ sql ] [ DB ] CONNECT:[ UseTime:0.014677s ] mysql:host=127.0.0.1;dbname=statics;charset=utf8
sql
[2020-09-21T14:59:27+08:00][ info ] [ DB ] INIT mysql
info
[2020-09-21T14:59:27+08:00][ info ] [ DB ] INIT mysql
info
[2020-09-21T14:59:27+08:00][ info ] [ DB ] INIT mysql
info
[2020-09-21T14:59:27+08:00][ sql ] [ DB ] CONNECT:[ UseTime:0.001662s ] mysql:host=127.0.0.1;dbname=statics;charset=utf8
sql
[2020-09-21T14:59:27+08:00][ sql ] [ DB ] CONNECT:[ UseTime:0.014920s ] mysql:host=127.0.0.1;dbname=statics;charset=utf8
sql
[2020-09-21T14:59:27+08:00][ sql ] [ DB ] CONNECT:[ UseTime:0.028874s ] mysql:host=127.0.0.1;dbname=statics;charset=utf8
sql
[2020-09-21T14:59:27+08:00][ sql ] [ SQL ] SHOW COLUMNS FROM `cy_static_data_1000` [ RunTime:0.040132s ]
sql
[2020-09-21T14:59:27+08:00][ sql ] [ SQL ] SHOW COLUMNS FROM `cy_static_data_1000` [ RunTime:0.080911s ]
sql
[2020-09-21T14:59:27+08:00][ sql ] [ SQL ] INSERT INTO `cy_static_data_1000` (`point_id` , `expoint` , `account` , `day` , `hour`) VALUES (1000 , 0 , 2 , 20200921 , 13) [ RunTime:0.032783s ]
sql
[2020-09-21T14:59:27+08:00][ sql ] [ SQL ] INSERT INTO `cy_static_data_1000` (`point_id` , `expoint` , `account` , `day` , `hour`) VALUES (1000 , 0 , 2 , 20200921 , 13) [ RunTime:0.026385s ]
sql
[2020-09-21T14:59:27+08:00][ sql ] [ SQL ] SHOW COLUMNS FROM `cy_static_data_1000` [ RunTime:0.091959s ]
sql
[2020-09-21T14:59:27+08:00][ sql ] [ SQL ] SHOW COLUMNS FROM `cy_static_data_1000` [ RunTime:0.131310s ]
sql
[2020-09-21T14:59:27+08:00][ sql ] [ SQL ] INSERT INTO `cy_static_data_1000` (`point_id` , `expoint` , `account` , `day` , `hour`) VALUES (1001 , 0 , 2 , 20200921 , 13) [ RunTime:0.038881s ]
sql
[2020-09-21T14:59:27+08:00][ sql ] [ SQL ] INSERT INTO `cy_static_data_1000` (`point_id` , `expoint` , `account` , `day` , `hour`) VALUES (1001 , 0 , 2 , 20200921 , 13) [ RunTime:0.038208s ]
sql
[2020-09-21T14:59:27+08:00][ sql ] [ SQL ] INSERT INTO `cy_static_data_1000` (`point_id` , `expoint` , `account` , `day` , `hour`) VALUES (1000 , 0 , 2 , 20200921 , 13) [ RunTime:0.033686s ]
sql
[2020-09-21T14:59:27+08:00][ sql ] [ SQL ] INSERT INTO `cy_static_data_1000` (`point_id` , `expoint` , `account` , `day` , `hour`) VALUES (1000 , 0 , 2 , 20200921 , 13) [ RunTime:0.049419s ]
sql
[2020-09-21T14:59:27+08:00][ sql ] [ SQL ] INSERT INTO `cy_static_data_1000` (`point_id` , `expoint` , `account` , `day` , `hour`) VALUES (1001 , 0 , 2 , 20200921 , 13) [ RunTime:0.023351s ]
sql
[2020-09-21T14:59:27+08:00][ sql ] [ SQL ] INSERT INTO `cy_static_data_1000` (`point_id` , `expoint` , `account` , `day` , `hour`) VALUES (1001 , 0 , 2 , 20200921 , 13) [ RunTime:0.023290s ]
sql
[2020-09-21T15:00:15+08:00][ info ] [ LANG ] /Users/mac/Downloads/chengya/cynsq/thinkphp/lang/zh-cn.php
info
[2020-09-21T15:00:35+08:00][ error ] [16384]Specifying types in urls has been deprecated[/Users/mac/Downloads/chengya/cynsq/vendor/elasticsearch/elasticsearch/src/Elasticsearch/Endpoints/Search.php:34]
error
[2020-09-21T15:02:12+08:00][ info ] [ LANG ] /Users/mac/Downloads/chengya/cynsq/thinkphp/lang/zh-cn.php
info
[2020-09-21T15:02:32+08:00][ error ] [16384]Specifying types in urls has been deprecated[/Users/mac/Downloads/chengya/cynsq/vendor/elasticsearch/elasticsearch/src/Elasticsearch/Endpoints/Search.php:34]
error
[2020-09-21T15:02:46+08:00][ info ] [ LANG ] /Users/mac/Downloads/chengya/cynsq/thinkphp/lang/zh-cn.php
info
[2020-09-21T15:03:06+08:00][ error ] [16384]Specifying types in urls has been deprecated[/Users/mac/Downloads/chengya/cynsq/vendor/elasticsearch/elasticsearch/src/Elasticsearch/Endpoints/Search.php:34]
error
[2020-09-21T15:04:01+08:00][ info ] [ LANG ] /Users/mac/Downloads/chengya/cynsq/thinkphp/lang/zh-cn.php
info
[2020-09-21T15:04:21+08:00][ error ] [16384]Specifying types in urls has been deprecated[/Users/mac/Downloads/chengya/cynsq/vendor/elasticsearch/elasticsearch/src/Elasticsearch/Endpoints/Search.php:34]
error
[2020-09-21T15:05:32+08:00][ info ] [ LANG ] /Users/mac/Downloads/chengya/cynsq/thinkphp/lang/zh-cn.php
info
[2020-09-21T15:05:52+08:00][ error ] [16384]Specifying types in urls has been deprecated[/Users/mac/Downloads/chengya/cynsq/vendor/elasticsearch/elasticsearch/src/Elasticsearch/Endpoints/Search.php:34]
error
[2020-09-21T15:05:52+08:00][ info ] [ DB ] INIT mysql
info
[2020-09-21T15:05:52+08:00][ sql ] [ DB ] CONNECT:[ UseTime:0.009253s ] mysql:host=127.0.0.1;dbname=statics;charset=utf8
sql
[2020-09-21T15:05:52+08:00][ sql ] [ SQL ] SHOW COLUMNS FROM `cy_static_data_1000` [ RunTime:0.049657s ]
sql
[2020-09-21T15:05:52+08:00][ sql ] [ SQL ] INSERT INTO `cy_static_data_1000` (`point_id` , `expoint` , `account` , `day` , `hour`) VALUES (1003 , 0 , 2 , 20200921 , 14) [ RunTime:0.028414s ]
sql
[2020-09-21T15:05:52+08:00][ sql ] [ SQL ] INSERT INTO `cy_static_data_1000` (`point_id` , `expoint` , `account` , `day` , `hour`) VALUES (1002 , 0 , 1 , 20200921 , 14) [ RunTime:0.030286s ]
sql
[2020-09-21T15:30:43+08:00][ info ] [ LANG ] /Users/mac/Downloads/chengya/cynsq/thinkphp/lang/zh-cn.php
info
[2020-09-21T15:31:03+08:00][ error ] [16384]Specifying types in urls has been deprecated[/Users/mac/Downloads/chengya/cynsq/vendor/elasticsearch/elasticsearch/src/Elasticsearch/Endpoints/Search.php:34]
error
[2020-09-21T15:32:18+08:00][ info ] [ LANG ] /Users/mac/Downloads/chengya/cynsq/thinkphp/lang/zh-cn.php
info
[2020-09-21T15:32:38+08:00][ error ] [16384]Specifying types in urls has been deprecated[/Users/mac/Downloads/chengya/cynsq/vendor/elasticsearch/elasticsearch/src/Elasticsearch/Endpoints/Search.php:34]
error
[2020-09-21T15:35:24+08:00][ info ] [ LANG ] /Users/mac/Downloads/chengya/cynsq/thinkphp/lang/zh-cn.php
info
[2020-09-21T15:35:44+08:00][ error ] [16384]Specifying types in urls has been deprecated[/Users/mac/Downloads/chengya/cynsq/vendor/elasticsearch/elasticsearch/src/Elasticsearch/Endpoints/Search.php:34]
error
[2020-09-21T15:35:44+08:00][ info ] [ DB ] INIT mysql
info
[2020-09-21T15:35:44+08:00][ sql ] [ DB ] CONNECT:[ UseTime:0.009254s ] mysql:host=127.0.0.1;dbname=statics;charset=utf8
sql
[2020-09-21T15:35:44+08:00][ sql ] [ SQL ] SHOW COLUMNS FROM `cy_view_user_1000` [ RunTime:0.027729s ]
sql
[2020-09-21T15:35:44+08:00][ sql ] [ SQL ] INSERT INTO `cy_view_user_1000` (`point_id` , `view_user_id` , `device_name` , `device_brand` , `device_type` , `device_version` , `province` , `city` , `day` , `hour`) VALUES (1003 , 'ax120390' , 'Mac' , '' , 'Unknow' , '10_13_6' , '河北省' , '石家庄市' , 20200921 , 14) [ RunTime:0.031116s ]
sql
[2020-09-21T15:35:45+08:00][ sql ] [ SQL ] INSERT INTO `cy_view_user_1000` (`point_id` , `view_user_id` , `device_name` , `device_brand` , `device_type` , `device_version` , `province` , `city` , `day` , `hour`) VALUES (1002 , 'ax120390' , 'Mac' , '' , 'Unknow' , '10_13_6' , '河北省' , '石家庄市' , 20200921 , 14) [ RunTime:0.025150s ]
sql
[2020-09-21T15:50:39+08:00][ info ] [ LANG ] /Users/mac/Downloads/chengya/cynsq/thinkphp/lang/zh-cn.php
info
[2020-09-21T15:51:44+08:00][ info ] [ LANG ] /Users/mac/Downloads/chengya/cynsq/thinkphp/lang/zh-cn.php
info
[2020-09-21T15:52:04+08:00][ error ] [16384]Specifying types in urls has been deprecated[/Users/mac/Downloads/chengya/cynsq/vendor/elasticsearch/elasticsearch/src/Elasticsearch/Endpoints/Search.php:34]
error
[2020-09-21T15:52:04+08:00][ error ] [16384]Specifying types in urls has been deprecated[/Users/mac/Downloads/chengya/cynsq/vendor/elasticsearch/elasticsearch/src/Elasticsearch/Endpoints/Search.php:34]
error
[2020-09-21T15:52:04+08:00][ info ] [ DB ] INIT mysql
info
[2020-09-21T15:52:04+08:00][ sql ] [ DB ] CONNECT:[ UseTime:0.010522s ] mysql:host=127.0.0.1;dbname=statics;charset=utf8
sql
[2020-09-21T15:52:04+08:00][ sql ] [ SQL ] SHOW COLUMNS FROM `cy_view_user_1000` [ RunTime:0.098183s ]
sql
[2020-09-21T15:52:04+08:00][ sql ] [ SQL ] INSERT INTO `cy_view_user_1000` (`point_id` , `view_user_id` , `device_name` , `device_brand` , `device_type` , `device_version` , `province` , `city` , `day` , `hour`) VALUES (1000 , 'ax120390' , 'Mac' , '' , 'Unknow' , '10_13_6' , '河北省' , '石家庄市' , 20200921 , 14) [ RunTime:0.028680s ]
sql
[2020-09-21T15:52:04+08:00][ sql ] [ SQL ] INSERT INTO `cy_view_user_1000` (`point_id` , `view_user_id` , `device_name` , `device_brand` , `device_type` , `device_version` , `province` , `city` , `day` , `hour`) VALUES (1001 , 'ax120390' , 'Mac' , '' , 'Unknow' , '10_13_6' , '河北省' , '石家庄市' , 20200921 , 14) [ RunTime:0.018150s ]
sql
[2020-09-21T15:52:04+08:00][ sql ] [ SQL ] INSERT INTO `cy_view_user_1000` (`point_id` , `view_user_id` , `device_name` , `device_brand` , `device_type` , `device_version` , `province` , `city` , `day` , `hour`) VALUES (1002 , 'ax120390' , 'Mac' , '' , 'Unknow' , '10_13_6' , '河北省' , '石家庄市' , 20200921 , 14) [ RunTime:0.026990s ]
sql
[2020-09-21T15:52:48+08:00][ info ] [ LANG ] /Users/mac/Downloads/chengya/cynsq/thinkphp/lang/zh-cn.php
info
[2020-09-21T15:53:08+08:00][ error ] [16384]Specifying types in urls has been deprecated[/Users/mac/Downloads/chengya/cynsq/vendor/elasticsearch/elasticsearch/src/Elasticsearch/Endpoints/Search.php:34]
error
[2020-09-21T15:54:35+08:00][ info ] [ LANG ] /Users/mac/Downloads/chengya/cynsq/thinkphp/lang/zh-cn.php
info
[2020-09-21T15:54:55+08:00][ error ] [16384]Specifying types in urls has been deprecated[/Users/mac/Downloads/chengya/cynsq/vendor/elasticsearch/elasticsearch/src/Elasticsearch/Endpoints/Search.php:34]
error
[2020-09-21T15:57:48+08:00][ info ] [ LANG ] /Users/mac/Downloads/chengya/cynsq/thinkphp/lang/zh-cn.php
info
[2020-09-21T15:58:08+08:00][ error ] [16384]Specifying types in urls has been deprecated[/Users/mac/Downloads/chengya/cynsq/vendor/elasticsearch/elasticsearch/src/Elasticsearch/Endpoints/Search.php:34]
error
[2020-09-21T15:58:28+08:00][ error ] [16384]Specifying types in urls has been deprecated[/Users/mac/Downloads/chengya/cynsq/vendor/elasticsearch/elasticsearch/src/Elasticsearch/Endpoints/Search.php:34]
error
[2020-09-21T15:59:12+08:00][ info ] [ LANG ] /Users/mac/Downloads/chengya/cynsq/thinkphp/lang/zh-cn.php
info
[2020-09-21T15:59:32+08:00][ error ] [16384]Specifying types in urls has been deprecated[/Users/mac/Downloads/chengya/cynsq/vendor/elasticsearch/elasticsearch/src/Elasticsearch/Endpoints/Search.php:34]
error
[2020-09-21T15:59:32+08:00][ info ] [ DB ] INIT mysql
info
[2020-09-21T15:59:32+08:00][ sql ] [ DB ] CONNECT:[ UseTime:0.003439s ] mysql:host=127.0.0.1;dbname=statics;charset=utf8
sql
[2020-09-21T15:59:32+08:00][ sql ] [ SQL ] SHOW COLUMNS FROM `cy_static_data_1000` [ RunTime:0.070180s ]
sql
[2020-09-21T15:59:32+08:00][ sql ] [ SQL ] INSERT INTO `cy_static_data_1000` (`point_id` , `expoint` , `account` , `day` , `hour`) VALUES (1000 , 0 , 1 , 20200921 , 14) [ RunTime:0.026129s ]
sql
[2020-09-21T15:59:32+08:00][ sql ] [ SQL ] INSERT INTO `cy_static_data_1000` (`point_id` , `expoint` , `account` , `day` , `hour`) VALUES (1001 , 0 , 1 , 20200921 , 14) [ RunTime:0.016868s ]
sql
[2020-09-21T15:59:32+08:00][ sql ] [ SQL ] INSERT INTO `cy_static_data_1000` (`point_id` , `expoint` , `account` , `day` , `hour`) VALUES (1002 , 0 , 1 , 20200921 , 14) [ RunTime:0.017161s ]
sql
[2020-09-21T15:59:32+08:00][ error ] [16384]Specifying types in urls has been deprecated[/Users/mac/Downloads/chengya/cynsq/vendor/elasticsearch/elasticsearch/src/Elasticsearch/Endpoints/Search.php:34]
error
[2020-09-21T15:59:32+08:00][ sql ] [ SQL ] SHOW COLUMNS FROM `cy_view_user_1000` [ RunTime:0.002504s ]
sql
[2020-09-21T15:59:32+08:00][ sql ] [ SQL ] INSERT INTO `cy_view_user_1000` (`point_id` , `view_user_id` , `device_name` , `device_brand` , `device_type` , `device_version` , `province` , `city` , `day` , `hour`) VALUES (1000 , 'ax120390' , 'Mac' , '' , 'Unknow' , '10_13_6' , '河北省' , '石家庄市' , 20200921 , 14) [ RunTime:0.017255s ]
sql
[2020-09-21T15:59:32+08:00][ sql ] [ SQL ] INSERT INTO `cy_view_user_1000` (`point_id` , `view_user_id` , `device_name` , `device_brand` , `device_type` , `device_version` , `province` , `city` , `day` , `hour`) VALUES (1001 , 'ax120390' , 'Mac' , '' , 'Unknow' , '10_13_6' , '河北省' , '石家庄市' , 20200921 , 14) [ RunTime:0.016823s ]
sql
[2020-09-21T15:59:32+08:00][ sql ] [ SQL ] INSERT INTO `cy_view_user_1000` (`point_id` , `view_user_id` , `device_name` , `device_brand` , `device_type` , `device_version` , `province` , `city` , `day` , `hour`) VALUES (1002 , 'ax120390' , 'Mac' , '' , 'Unknow' , '10_13_6' , '河北省' , '石家庄市' , 20200921 , 14) [ RunTime:0.017690s ]
sql
[2020-09-21T16:04:41+08:00][ info ] [ LANG ] /Users/mac/Downloads/chengya/cynsq/thinkphp/lang/zh-cn.php
info
[2020-09-21T16:05:01+08:00][ error ] [16384]Specifying types in urls has been deprecated[/Users/mac/Downloads/chengya/cynsq/vendor/elasticsearch/elasticsearch/src/Elasticsearch/Endpoints/Search.php:34]
error
[2020-09-21T16:05:01+08:00][ info ] [ DB ] INIT mysql
info
[2020-09-21T16:05:01+08:00][ sql ] [ DB ] CONNECT:[ UseTime:0.019691s ] mysql:host=127.0.0.1;dbname=statics;charset=utf8
sql
[2020-09-21T16:05:01+08:00][ sql ] [ SQL ] SHOW COLUMNS FROM `cy_static_area_1000` [ RunTime:0.051116s ]
sql
[2020-09-21T16:05:01+08:00][ sql ] [ SQL ] INSERT INTO `cy_static_area_1000` (`province` , `city` , `account` , `day` , `hour`) VALUES ('河北省' , '石家庄市' , 3 , 20200921 , 15) [ RunTime:0.034926s ]
sql
[2020-09-21T16:05:21+08:00][ error ] [16384]Specifying types in urls has been deprecated[/Users/mac/Downloads/chengya/cynsq/vendor/elasticsearch/elasticsearch/src/Elasticsearch/Endpoints/Search.php:34]
error
[2020-09-21T16:05:21+08:00][ sql ] [ SQL ] INSERT INTO `cy_static_area_1000` (`province` , `city` , `account` , `day` , `hour`) VALUES ('河北省' , '石家庄市' , 3 , 20200921 , 15) [ RunTime:0.024165s ]
sql
[2020-09-21T16:08:01+08:00][ info ] [ LANG ] /Users/mac/Downloads/chengya/cynsq/thinkphp/lang/zh-cn.php
info
[2020-09-21T16:08:21+08:00][ error ] [16384]Specifying types in urls has been deprecated[/Users/mac/Downloads/chengya/cynsq/vendor/elasticsearch/elasticsearch/src/Elasticsearch/Endpoints/Search.php:34]
error
[2020-09-21T16:08:21+08:00][ info ] [ DB ] INIT mysql
info
[2020-09-21T16:08:21+08:00][ sql ] [ DB ] CONNECT:[ UseTime:0.013890s ] mysql:host=127.0.0.1;dbname=statics;charset=utf8
sql
[2020-09-21T16:08:21+08:00][ sql ] [ SQL ] SHOW COLUMNS FROM `cy_static_area_1000` [ RunTime:0.026802s ]
sql
[2020-09-21T16:10:57+08:00][ info ] [ LANG ] /Users/mac/Downloads/chengya/cynsq/thinkphp/lang/zh-cn.php
info
[2020-09-21T16:11:17+08:00][ error ] [16384]Specifying types in urls has been deprecated[/Users/mac/Downloads/chengya/cynsq/vendor/elasticsearch/elasticsearch/src/Elasticsearch/Endpoints/Search.php:34]
error
[2020-09-21T16:11:17+08:00][ info ] [ DB ] INIT mysql
info
[2020-09-21T16:11:17+08:00][ sql ] [ DB ] CONNECT:[ UseTime:0.008444s ] mysql:host=127.0.0.1;dbname=statics;charset=utf8
sql
[2020-09-21T16:11:17+08:00][ sql ] [ SQL ] SHOW COLUMNS FROM `cy_static_area_1000` [ RunTime:0.054482s ]
sql
[2020-09-21T16:11:17+08:00][ sql ] [ SQL ] INSERT INTO `cy_static_area_1000` (`platform` , `province` , `city` , `account` , `day` , `hour`) VALUES (2 , '河北省' , '石家庄市' , 3 , 20200921 , 15) [ RunTime:0.024375s ]
sql
[2020-09-21T16:16:44+08:00][ info ] [ LANG ] /Users/mac/Downloads/chengya/cynsq/thinkphp/lang/zh-cn.php
info
[2020-09-21T16:27:19+08:00][ info ] [ LANG ] /Users/mac/Downloads/chengya/cynsq/thinkphp/lang/zh-cn.php
info
[2020-09-21T16:27:39+08:00][ error ] [16384]Specifying types in urls has been deprecated[/Users/mac/Downloads/chengya/cynsq/vendor/elasticsearch/elasticsearch/src/Elasticsearch/Endpoints/Search.php:34]
error
[2020-09-21T16:27:39+08:00][ info ] [ DB ] INIT mysql
info
[2020-09-21T16:28:38+08:00][ info ] [ LANG ] /Users/mac/Downloads/chengya/cynsq/thinkphp/lang/zh-cn.php
info
[2020-09-21T16:28:58+08:00][ error ] [16384]Specifying types in urls has been deprecated[/Users/mac/Downloads/chengya/cynsq/vendor/elasticsearch/elasticsearch/src/Elasticsearch/Endpoints/Search.php:34]
error
[2020-09-21T16:28:58+08:00][ info ] [ DB ] INIT mysql
info
[2020-09-21T16:28:58+08:00][ sql ] [ DB ] CONNECT:[ UseTime:0.013749s ] mysql:host=192.168.1.156;dbname=statics;charset=utf8
sql
[2020-09-21T16:28:58+08:00][ sql ] [ SQL ] SHOW COLUMNS FROM `cy_static_data_1000` [ RunTime:0.003445s ]
sql
[2020-09-21T16:28:58+08:00][ sql ] [ SQL ] INSERT INTO `cy_static_data_1000` (`platform` , `point_id` , `expoint` , `account` , `day` , `hour`) VALUES (2 , 1000 , 0 , 1 , 20200921 , 15) [ RunTime:0.002356s ]
sql
[2020-09-21T16:28:58+08:00][ sql ] [ SQL ] INSERT INTO `cy_static_data_1000` (`platform` , `point_id` , `expoint` , `account` , `day` , `hour`) VALUES (2 , 1001 , 0 , 1 , 20200921 , 15) [ RunTime:0.001839s ]
sql
[2020-09-21T16:28:58+08:00][ sql ] [ SQL ] INSERT INTO `cy_static_data_1000` (`platform` , `point_id` , `expoint` , `account` , `day` , `hour`) VALUES (2 , 1002 , 0 , 1 , 20200921 , 15) [ RunTime:0.002613s ]
sql
[2020-09-21T16:28:58+08:00][ error ] [16384]Specifying types in urls has been deprecated[/Users/mac/Downloads/chengya/cynsq/vendor/elasticsearch/elasticsearch/src/Elasticsearch/Endpoints/Search.php:34]
error
[2020-09-21T16:28:58+08:00][ sql ] [ SQL ] SHOW COLUMNS FROM `cy_view_user_1000` [ RunTime:0.003006s ]
sql
[2020-09-21T16:28:58+08:00][ sql ] [ SQL ] INSERT INTO `cy_view_user_1000` (`platform` , `point_id` , `view_user_id` , `device_name` , `device_brand` , `device_type` , `device_version` , `province` , `city` , `day` , `hour`) VALUES (2 , 1000 , 'ax120390' , 'Mac' , '' , 'Unknow' , '10_13_6' , '河北省' , '石家庄市' , 20200921 , 15) [ RunTime:0.002991s ]
sql
[2020-09-21T16:28:58+08:00][ sql ] [ SQL ] INSERT INTO `cy_view_user_1000` (`platform` , `point_id` , `view_user_id` , `device_name` , `device_brand` , `device_type` , `device_version` , `province` , `city` , `day` , `hour`) VALUES (2 , 1001 , 'ax120390' , 'Mac' , '' , 'Unknow' , '10_13_6' , '河北省' , '石家庄市' , 20200921 , 15) [ RunTime:0.002669s ]
sql
[2020-09-21T16:28:58+08:00][ sql ] [ SQL ] INSERT INTO `cy_view_user_1000` (`platform` , `point_id` , `view_user_id` , `device_name` , `device_brand` , `device_type` , `device_version` , `province` , `city` , `day` , `hour`) VALUES (2 , 1002 , 'ax120390' , 'Mac' , '' , 'Unknow' , '10_13_6' , '河北省' , '石家庄市' , 20200921 , 15) [ RunTime:0.003598s ]
sql
[2020-09-21T16:28:58+08:00][ error ] [16384]Specifying types in urls has been deprecated[/Users/mac/Downloads/chengya/cynsq/vendor/elasticsearch/elasticsearch/src/Elasticsearch/Endpoints/Search.php:34]
error
[2020-09-21T16:28:58+08:00][ sql ] [ SQL ] SHOW COLUMNS FROM `cy_static_area_1000` [ RunTime:0.003333s ]
sql
[2020-09-21T16:28:58+08:00][ sql ] [ SQL ] INSERT INTO `cy_static_area_1000` (`platform` , `province` , `city` , `account` , `day` , `hour`) VALUES (2 , '河北省' , '石家庄市' , 3 , 20200921 , 15) [ RunTime:0.002370s ]
sql
[2020-09-21T16:28:58+08:00][ error ] [16384]Specifying types in urls has been deprecated[/Users/mac/Downloads/chengya/cynsq/vendor/elasticsearch/elasticsearch/src/Elasticsearch/Endpoints/Search.php:34]
error
[2020-09-21T16:35:03+08:00][ info ] [ LANG ] /Users/mac/Downloads/chengya/cynsq/thinkphp/lang/zh-cn.php
info
[2020-09-21T16:35:24+08:00][ error ] [16384]Specifying types in urls has been deprecated[/Users/mac/Downloads/chengya/cynsq/vendor/elasticsearch/elasticsearch/src/Elasticsearch/Endpoints/Search.php:34]
error
[2020-09-21T16:35:24+08:00][ info ] [ DB ] INIT mysql
info
[2020-09-21T16:35:24+08:00][ sql ] [ DB ] CONNECT:[ UseTime:0.010449s ] mysql:host=192.168.1.156;dbname=statics;charset=utf8
sql
[2020-09-21T16:35:24+08:00][ sql ] [ SQL ] SHOW COLUMNS FROM `cy_static_device_1000` [ RunTime:0.002196s ]
sql
[2020-09-21T16:35:24+08:00][ sql ] [ SQL ] INSERT INTO `cy_static_device_1000` (`platform` , `device_name` , `device_brand` , `device_type` , `device_version` , `account` , `day` , `hour`) VALUES (2 , 'Mac' , '' , 'Unknow' , '10_13_6' , 3 , 20200921 , 15) [ RunTime:0.002879s ]
sql
[2020-09-21T17:36:30+08:00][ info ] [ LANG ] /Users/mac/Downloads/chengya/cynsq/thinkphp/lang/zh-cn.php
info
[2020-09-21T17:46:24+08:00][ info ] [ LANG ] /Users/mac/Downloads/chengya/cynsq/thinkphp/lang/zh-cn.php
info
[2020-09-21T17:47:20+08:00][ info ] [ LANG ] /Users/mac/Downloads/chengya/cynsq/thinkphp/lang/zh-cn.php
info
[2020-09-21T17:47:48+08:00][ info ] [ LANG ] /Users/mac/Downloads/chengya/cynsq/thinkphp/lang/zh-cn.php
info
[2020-09-21T17:48:43+08:00][ info ] [ LANG ] /Users/mac/Downloads/chengya/cynsq/thinkphp/lang/zh-cn.php
info
[2020-09-21T17:49:15+08:00][ info ] [ LANG ] /Users/mac/Downloads/chengya/cynsq/thinkphp/lang/zh-cn.php
info
[2020-09-21T17:49:29+08:00][ info ] [ LANG ] /Users/mac/Downloads/chengya/cynsq/thinkphp/lang/zh-cn.php
info
[2020-09-21T17:51:23+08:00][ info ] [ LANG ] /Users/mac/Downloads/chengya/cynsq/thinkphp/lang/zh-cn.php
info
[2020-09-21T17:51:40+08:00][ info ] [ LANG ] /Users/mac/Downloads/chengya/cynsq/thinkphp/lang/zh-cn.php
info
[2020-09-21T17:52:05+08:00][ info ] [ LANG ] /Users/mac/Downloads/chengya/cynsq/thinkphp/lang/zh-cn.php
info
[2020-09-21T17:52:05+08:00][ error ] [16384]Specifying types in urls has been deprecated[/Users/mac/Downloads/chengya/cynsq/vendor/elasticsearch/elasticsearch/src/Elasticsearch/Endpoints/Search.php:34]
error
[2020-09-21T17:52:53+08:00][ info ] [ LANG ] /Users/mac/Downloads/chengya/cynsq/thinkphp/lang/zh-cn.php
info
[2020-09-21T17:53:00+08:00][ info ] [ LANG ] /Users/mac/Downloads/chengya/cynsq/thinkphp/lang/zh-cn.php
info
[2020-09-21T17:53:18+08:00][ info ] [ LANG ] /Users/mac/Downloads/chengya/cynsq/thinkphp/lang/zh-cn.php
info
[2020-09-21T17:53:31+08:00][ info ] [ LANG ] /Users/mac/Downloads/chengya/cynsq/thinkphp/lang/zh-cn.php
info
[2020-09-21T17:53:31+08:00][ error ] [16384]Specifying types in urls has been deprecated[/Users/mac/Downloads/chengya/cynsq/vendor/elasticsearch/elasticsearch/src/Elasticsearch/Endpoints/Search.php:34]
error
[2020-09-21T17:54:04+08:00][ info ] [ LANG ] /Users/mac/Downloads/chengya/cynsq/thinkphp/lang/zh-cn.php
info
[2020-09-21T17:54:04+08:00][ error ] [16384]Specifying types in urls has been deprecated[/Users/mac/Downloads/chengya/cynsq/vendor/elasticsearch/elasticsearch/src/Elasticsearch/Endpoints/Search.php:34]
error
[2020-09-21T17:55:56+08:00][ info ] [ LANG ] /Users/mac/Downloads/chengya/cynsq/thinkphp/lang/zh-cn.php
info
[2020-09-21T17:55:56+08:00][ error ] [16384]Specifying types in urls has been deprecated[/Users/mac/Downloads/chengya/cynsq/vendor/elasticsearch/elasticsearch/src/Elasticsearch/Endpoints/Search.php:34]
error
[2020-09-21T17:56:19+08:00][ info ] [ LANG ] /Users/mac/Downloads/chengya/cynsq/thinkphp/lang/zh-cn.php
info
[2020-09-21T17:56:19+08:00][ error ] [16384]Specifying types in urls has been deprecated[/Users/mac/Downloads/chengya/cynsq/vendor/elasticsearch/elasticsearch/src/Elasticsearch/Endpoints/Search.php:34]
error
[2020-09-21T17:56:19+08:00][ info ] [ DB ] INIT mysql
info
[2020-09-21T17:56:19+08:00][ sql ] [ DB ] CONNECT:[ UseTime:0.006366s ] mysql:host=192.168.1.156;dbname=statics;charset=utf8
sql
[2020-09-21T17:56:19+08:00][ sql ] [ SQL ] SHOW COLUMNS FROM `cy_static_data_1000` [ RunTime:0.001643s ]
sql
[2020-09-21T17:56:19+08:00][ sql ] [ SQL ] INSERT INTO `cy_static_data_1000` (`platform` , `point_id` , `expoint` , `account` , `day` , `hour`) VALUES (2 , 1000 , 0 , 1 , 20200921 , 16) [ RunTime:0.002498s ]
sql
[2020-09-21T17:56:19+08:00][ sql ] [ SQL ] INSERT INTO `cy_static_data_1000` (`platform` , `point_id` , `expoint` , `account` , `day` , `hour`) VALUES (2 , 1001 , 0 , 1 , 20200921 , 16) [ RunTime:0.002225s ]
sql
[2020-09-21T17:56:19+08:00][ sql ] [ SQL ] INSERT INTO `cy_static_data_1000` (`platform` , `point_id` , `expoint` , `account` , `day` , `hour`) VALUES (2 , 1002 , 0 , 1 , 20200921 , 16) [ RunTime:0.002390s ]
sql
[2020-09-21T17:57:56+08:00][ info ] [ LANG ] /Users/mac/Downloads/chengya/cynsq/thinkphp/lang/zh-cn.php
info
[2020-09-21T17:57:56+08:00][ error ] [16384]Specifying types in urls has been deprecated[/Users/mac/Downloads/chengya/cynsq/vendor/elasticsearch/elasticsearch/src/Elasticsearch/Endpoints/Search.php:34]
error
[2020-09-21T17:58:03+08:00][ info ] [ LANG ] /Users/mac/Downloads/chengya/cynsq/thinkphp/lang/zh-cn.php
info
[2020-09-21T17:58:03+08:00][ error ] [16384]Specifying types in urls has been deprecated[/Users/mac/Downloads/chengya/cynsq/vendor/elasticsearch/elasticsearch/src/Elasticsearch/Endpoints/Search.php:34]
error
[2020-09-21T17:58:03+08:00][ info ] [ DB ] INIT mysql
info
[2020-09-21T17:58:03+08:00][ sql ] [ DB ] CONNECT:[ UseTime:0.006102s ] mysql:host=192.168.1.156;dbname=statics;charset=utf8
sql
[2020-09-21T17:58:03+08:00][ sql ] [ SQL ] SHOW COLUMNS FROM `cy_static_data_1000` [ RunTime:0.003367s ]
sql
[2020-09-21T17:58:03+08:00][ sql ] [ SQL ] INSERT INTO `cy_static_data_1000` (`platform` , `point_id` , `expoint` , `account` , `day` , `hour`) VALUES (2 , 1000 , 0 , 1 , 20200921 , 13) [ RunTime:0.002799s ]
sql
[2020-09-21T17:58:03+08:00][ sql ] [ SQL ] INSERT INTO `cy_static_data_1000` (`platform` , `point_id` , `expoint` , `account` , `day` , `hour`) VALUES (2 , 1001 , 0 , 1 , 20200921 , 13) [ RunTime:0.003411s ]
sql
[2020-09-21T17:58:03+08:00][ sql ] [ SQL ] INSERT INTO `cy_static_data_1000` (`platform` , `point_id` , `expoint` , `account` , `day` , `hour`) VALUES (2 , 1002 , 0 , 1 , 20200921 , 13) [ RunTime:0.003064s ]
sql
[2020-09-21T17:58:17+08:00][ info ] [ LANG ] /Users/mac/Downloads/chengya/cynsq/thinkphp/lang/zh-cn.php
info
[2020-09-21T17:58:17+08:00][ error ] [16384]Specifying types in urls has been deprecated[/Users/mac/Downloads/chengya/cynsq/vendor/elasticsearch/elasticsearch/src/Elasticsearch/Endpoints/Search.php:34]
error
[2020-09-21T17:58:17+08:00][ info ] [ DB ] INIT mysql
info
[2020-09-21T17:58:17+08:00][ sql ] [ DB ] CONNECT:[ UseTime:0.004471s ] mysql:host=192.168.1.156;dbname=statics;charset=utf8
sql
[2020-09-21T17:58:17+08:00][ sql ] [ SQL ] SHOW COLUMNS FROM `cy_static_data_1000` [ RunTime:0.002692s ]
sql
[2020-09-21T17:58:17+08:00][ sql ] [ SQL ] INSERT INTO `cy_static_data_1000` (`platform` , `point_id` , `expoint` , `account` , `day` , `hour`) VALUES (2 , 1000 , 0 , 1 , 20200921 , 13) [ RunTime:0.002190s ]
sql
[2020-09-21T17:58:17+08:00][ sql ] [ SQL ] INSERT INTO `cy_static_data_1000` (`platform` , `point_id` , `expoint` , `account` , `day` , `hour`) VALUES (2 , 1001 , 0 , 1 , 20200921 , 13) [ RunTime:0.002589s ]
sql
[2020-09-21T17:58:17+08:00][ sql ] [ SQL ] INSERT INTO `cy_static_data_1000` (`platform` , `point_id` , `expoint` , `account` , `day` , `hour`) VALUES (2 , 1002 , 0 , 1 , 20200921 , 13) [ RunTime:0.002651s ]
sql
[2020-09-21T18:01:13+08:00][ info ] [ LANG ] /Users/mac/Downloads/chengya/cynsq/thinkphp/lang/zh-cn.php
info
[2020-09-21T18:01:13+08:00][ error ] [16384]Specifying types in urls has been deprecated[/Users/mac/Downloads/chengya/cynsq/vendor/elasticsearch/elasticsearch/src/Elasticsearch/Endpoints/Search.php:34]
error
[2020-09-21T18:01:13+08:00][ info ] [ DB ] INIT mysql
info
[2020-09-21T18:01:13+08:00][ sql ] [ DB ] CONNECT:[ UseTime:0.004298s ] mysql:host=192.168.1.156;dbname=statics;charset=utf8
sql
[2020-09-21T18:01:13+08:00][ sql ] [ SQL ] SHOW COLUMNS FROM `cy_static_data_1000` [ RunTime:0.002929s ]
sql
[2020-09-21T18:01:13+08:00][ sql ] [ SQL ] SELECT COUNT(*) AS tp_count FROM `cy_static_data_1000` WHERE  `platform` = 2  AND `point_id` = 1000  AND `expoint` = 0  AND `day` = 20200921  AND `hour` = 13 [ RunTime:0.001874s ]
sql
[2020-09-21T18:01:13+08:00][ sql ] [ SQL ] SELECT COUNT(*) AS tp_count FROM `cy_static_data_1000` WHERE  `platform` = 2  AND `point_id` = 1001  AND `expoint` = 0  AND `day` = 20200921  AND `hour` = 13 [ RunTime:0.001856s ]
sql
[2020-09-21T18:01:13+08:00][ sql ] [ SQL ] SELECT COUNT(*) AS tp_count FROM `cy_static_data_1000` WHERE  `platform` = 2  AND `point_id` = 1002  AND `expoint` = 0  AND `day` = 20200921  AND `hour` = 13 [ RunTime:0.002438s ]
sql
[2020-09-21T18:04:28+08:00][ info ] [ LANG ] /Users/mac/Downloads/chengya/cynsq/thinkphp/lang/zh-cn.php
info
[2020-09-21T18:04:28+08:00][ error ] [16384]Specifying types in urls has been deprecated[/Users/mac/Downloads/chengya/cynsq/vendor/elasticsearch/elasticsearch/src/Elasticsearch/Endpoints/Search.php:34]
error
[2020-09-21T18:04:28+08:00][ info ] [ DB ] INIT mysql
info
[2020-09-21T18:04:28+08:00][ sql ] [ DB ] CONNECT:[ UseTime:0.004343s ] mysql:host=192.168.1.156;dbname=statics;charset=utf8
sql
[2020-09-21T18:04:28+08:00][ sql ] [ SQL ] SHOW COLUMNS FROM `cy_static_data_1000` [ RunTime:0.002524s ]
sql
[2020-09-21T18:04:28+08:00][ sql ] [ SQL ] SELECT * FROM `cy_static_data_1000` WHERE  `platform` = 2  AND `point_id` = 1000  AND `expoint` = 0  AND `day` = 20200921  AND `hour` = 13 LIMIT 1 [ RunTime:0.001566s ]
sql
[2020-09-21T18:04:54+08:00][ info ] [ LANG ] /Users/mac/Downloads/chengya/cynsq/thinkphp/lang/zh-cn.php
info
[2020-09-21T18:04:54+08:00][ error ] [16384]Specifying types in urls has been deprecated[/Users/mac/Downloads/chengya/cynsq/vendor/elasticsearch/elasticsearch/src/Elasticsearch/Endpoints/Search.php:34]
error
[2020-09-21T18:04:54+08:00][ info ] [ DB ] INIT mysql
info
[2020-09-21T18:04:54+08:00][ sql ] [ DB ] CONNECT:[ UseTime:0.005814s ] mysql:host=192.168.1.156;dbname=statics;charset=utf8
sql
[2020-09-21T18:04:54+08:00][ sql ] [ SQL ] SHOW COLUMNS FROM `cy_static_data_1000` [ RunTime:0.003468s ]
sql
[2020-09-21T18:04:54+08:00][ sql ] [ SQL ] SELECT * FROM `cy_static_data_1000` WHERE  `platform` = 2  AND `point_id` = 1000  AND `expoint` = 0  AND `day` = 20200921  AND `hour` = 13 LIMIT 1 [ RunTime:0.003372s ]
sql
[2020-09-21T18:07:28+08:00][ info ] [ LANG ] /Users/mac/Downloads/chengya/cynsq/thinkphp/lang/zh-cn.php
info
[2020-09-21T18:07:28+08:00][ error ] [16384]Specifying types in urls has been deprecated[/Users/mac/Downloads/chengya/cynsq/vendor/elasticsearch/elasticsearch/src/Elasticsearch/Endpoints/Search.php:34]
error
[2020-09-21T18:07:28+08:00][ info ] [ DB ] INIT mysql
info
[2020-09-21T18:07:28+08:00][ sql ] [ DB ] CONNECT:[ UseTime:0.006206s ] mysql:host=192.168.1.156;dbname=statics;charset=utf8
sql
[2020-09-21T18:07:28+08:00][ sql ] [ SQL ] SHOW COLUMNS FROM `cy_static_data_1000` [ RunTime:0.003769s ]
sql
[2020-09-21T18:07:28+08:00][ sql ] [ SQL ] SELECT * FROM `cy_static_data_1000` WHERE  `platform` = 2  AND `point_id` = 1000  AND `expoint` = 0  AND `day` = 20200921  AND `hour` = 13 LIMIT 1 [ RunTime:0.003480s ]
sql
[2020-09-21T18:07:28+08:00][ sql ] [ SQL ] UPDATE `cy_static_data_1000`  SET `platform` = 2 , `point_id` = 1000 , `expoint` = 0 , `account` = 1 , `day` = 20200921 , `hour` = 13  WHERE  `id` = 7 [ RunTime:0.002943s ]
sql
[2020-09-21T18:07:28+08:00][ sql ] [ SQL ] SELECT * FROM `cy_static_data_1000` WHERE  `platform` = 2  AND `point_id` = 1001  AND `expoint` = 0  AND `day` = 20200921  AND `hour` = 13 LIMIT 1 [ RunTime:0.001517s ]
sql
[2020-09-21T18:07:28+08:00][ sql ] [ SQL ] UPDATE `cy_static_data_1000`  SET `platform` = 2 , `point_id` = 1001 , `expoint` = 0 , `account` = 1 , `day` = 20200921 , `hour` = 13  WHERE  `id` = 8 [ RunTime:0.002573s ]
sql
[2020-09-21T18:07:28+08:00][ sql ] [ SQL ] SELECT * FROM `cy_static_data_1000` WHERE  `platform` = 2  AND `point_id` = 1002  AND `expoint` = 0  AND `day` = 20200921  AND `hour` = 13 LIMIT 1 [ RunTime:0.001470s ]
sql
[2020-09-21T18:07:28+08:00][ sql ] [ SQL ] UPDATE `cy_static_data_1000`  SET `platform` = 2 , `point_id` = 1002 , `expoint` = 0 , `account` = 1 , `day` = 20200921 , `hour` = 13  WHERE  `id` = 9 [ RunTime:0.002779s ]
sql
[2020-09-21T18:08:05+08:00][ info ] [ LANG ] /Users/mac/Downloads/chengya/cynsq/thinkphp/lang/zh-cn.php
info
[2020-09-21T18:08:05+08:00][ error ] [16384]Specifying types in urls has been deprecated[/Users/mac/Downloads/chengya/cynsq/vendor/elasticsearch/elasticsearch/src/Elasticsearch/Endpoints/Search.php:34]
error
[2020-09-21T18:08:05+08:00][ info ] [ DB ] INIT mysql
info
[2020-09-21T18:08:05+08:00][ sql ] [ DB ] CONNECT:[ UseTime:0.004562s ] mysql:host=192.168.1.156;dbname=statics;charset=utf8
sql
[2020-09-21T18:08:05+08:00][ sql ] [ SQL ] SHOW COLUMNS FROM `cy_static_data_1000` [ RunTime:0.002750s ]
sql
[2020-09-21T18:08:05+08:00][ sql ] [ SQL ] SELECT * FROM `cy_static_data_1000` WHERE  `platform` = 2  AND `point_id` = 1000  AND `expoint` = 0  AND `day` = 20200921  AND `hour` = 13 LIMIT 1 [ RunTime:0.001661s ]
sql
[2020-09-21T18:08:05+08:00][ sql ] [ SQL ] UPDATE `cy_static_data_1000`  SET `platform` = 2 , `point_id` = 1000 , `expoint` = 0 , `account` = 1 , `day` = 20200921 , `hour` = 13  WHERE  `id` = 7 [ RunTime:0.001984s ]
sql
[2020-09-21T18:08:05+08:00][ sql ] [ SQL ] SELECT * FROM `cy_static_data_1000` WHERE  `platform` = 2  AND `point_id` = 1001  AND `expoint` = 0  AND `day` = 20200921  AND `hour` = 13 LIMIT 1 [ RunTime:0.001440s ]
sql
[2020-09-21T18:08:05+08:00][ sql ] [ SQL ] UPDATE `cy_static_data_1000`  SET `platform` = 2 , `point_id` = 1001 , `expoint` = 0 , `account` = 1 , `day` = 20200921 , `hour` = 13  WHERE  `id` = 8 [ RunTime:0.002666s ]
sql
[2020-09-21T18:08:05+08:00][ sql ] [ SQL ] SELECT * FROM `cy_static_data_1000` WHERE  `platform` = 2  AND `point_id` = 1002  AND `expoint` = 0  AND `day` = 20200921  AND `hour` = 13 LIMIT 1 [ RunTime:0.001555s ]
sql
[2020-09-21T18:08:05+08:00][ sql ] [ SQL ] UPDATE `cy_static_data_1000`  SET `platform` = 2 , `point_id` = 1002 , `expoint` = 0 , `account` = 1 , `day` = 20200921 , `hour` = 13  WHERE  `id` = 9 [ RunTime:0.002667s ]
sql
