[2020-09-22T08:45:38+08:00][ info ] [ LANG ] /Users/mac/Downloads/chengya/cynsq/thinkphp/lang/zh-cn.php
info
[2020-09-22T08:45:38+08:00][ error ] [16384]Specifying types in urls has been deprecated[/Users/mac/Downloads/chengya/cynsq/vendor/elasticsearch/elasticsearch/src/Elasticsearch/Endpoints/Search.php:34]
error
[2020-09-22T08:45:38+08:00][ info ] [ DB ] INIT mysql
info
[2020-09-22T08:45:38+08:00][ sql ] [ DB ] CONNECT:[ UseTime:0.006725s ] mysql:host=192.168.1.156;dbname=statics;charset=utf8
sql
[2020-09-22T08:45:38+08:00][ sql ] [ SQL ] SHOW COLUMNS FROM `cy_static_data_1000` [ RunTime:0.005727s ]
sql
[2020-09-22T08:45:38+08:00][ sql ] [ SQL ] SELECT * FROM `cy_static_data_1000` WHERE  `platform` = 2  AND `point_id` = 1000  AND `expoint` = 0  AND `day` = 20200921  AND `hour` = 13 LIMIT 1 [ RunTime:0.002816s ]
sql
[2020-09-22T08:45:38+08:00][ sql ] [ SQL ] UPDATE `cy_static_data_1000`  SET `platform` = 2 , `point_id` = 1000 , `expoint` = 0 , `account` = 1 , `day` = 20200921 , `hour` = 13  WHERE  `id` = 7 [ RunTime:0.002895s ]
sql
[2020-09-22T08:45:38+08:00][ sql ] [ SQL ] SELECT * FROM `cy_static_data_1000` WHERE  `platform` = 2  AND `point_id` = 1001  AND `expoint` = 0  AND `day` = 20200921  AND `hour` = 13 LIMIT 1 [ RunTime:0.001982s ]
sql
[2020-09-22T08:45:38+08:00][ sql ] [ SQL ] UPDATE `cy_static_data_1000`  SET `platform` = 2 , `point_id` = 1001 , `expoint` = 0 , `account` = 1 , `day` = 20200921 , `hour` = 13  WHERE  `id` = 8 [ RunTime:0.003060s ]
sql
[2020-09-22T08:45:38+08:00][ sql ] [ SQL ] SELECT * FROM `cy_static_data_1000` WHERE  `platform` = 2  AND `point_id` = 1002  AND `expoint` = 0  AND `day` = 20200921  AND `hour` = 13 LIMIT 1 [ RunTime:0.002147s ]
sql
[2020-09-22T08:45:38+08:00][ sql ] [ SQL ] UPDATE `cy_static_data_1000`  SET `platform` = 2 , `point_id` = 1002 , `expoint` = 0 , `account` = 1 , `day` = 20200921 , `hour` = 13  WHERE  `id` = 9 [ RunTime:0.002946s ]
sql
[2020-09-22T08:45:38+08:00][ error ] [16384]Specifying types in urls has been deprecated[/Users/mac/Downloads/chengya/cynsq/vendor/elasticsearch/elasticsearch/src/Elasticsearch/Endpoints/Search.php:34]
error
[2020-09-22T08:45:38+08:00][ sql ] [ SQL ] SHOW COLUMNS FROM `cy_view_user_1000` [ RunTime:0.004330s ]
sql
[2020-09-22T08:45:38+08:00][ sql ] [ SQL ] SELECT COUNT(*) AS tp_count FROM `cy_view_user_1000` [ RunTime:0.002026s ]
sql
[2020-09-22T08:45:38+08:00][ sql ] [ SQL ] SELECT COUNT(*) AS tp_count FROM `cy_view_user_1000` [ RunTime:0.001404s ]
sql
[2020-09-22T08:45:38+08:00][ sql ] [ SQL ] SELECT COUNT(*) AS tp_count FROM `cy_view_user_1000` [ RunTime:0.001537s ]
sql
[2020-09-22T08:45:38+08:00][ error ] [16384]Specifying types in urls has been deprecated[/Users/mac/Downloads/chengya/cynsq/vendor/elasticsearch/elasticsearch/src/Elasticsearch/Endpoints/Search.php:34]
error
[2020-09-22T08:45:38+08:00][ sql ] [ SQL ] SHOW COLUMNS FROM `cy_static_device_1000` [ RunTime:0.002258s ]
sql
[2020-09-22T08:45:38+08:00][ sql ] [ SQL ] SELECT * FROM `cy_static_device_1000` WHERE  `platform` = 2  AND `device_name` = 'Mac'  AND `device_brand` = ''  AND `device_type` = 'Unknow'  AND `device_version` = '10_13_6'  AND `day` = 20200922  AND `hour` = 07 LIMIT 1 [ RunTime:0.002255s ]
sql
[2020-09-22T08:45:38+08:00][ sql ] [ SQL ] INSERT INTO `cy_static_device_1000` (`platform` , `device_name` , `device_brand` , `device_type` , `device_version` , `account` , `day` , `hour`) VALUES (2 , 'Mac' , '' , 'Unknow' , '10_13_6' , 3 , 20200922 , 07) [ RunTime:0.002640s ]
sql
[2020-09-22T08:45:38+08:00][ error ] [0]Type error: Too few arguments to function app\api\controller\Repairdata::areaacount(), 1 passed in /Users/mac/Downloads/chengya/cynsq/application/command/Repairdata.php on line 32 and exactly 2 expected[/Users/mac/Downloads/chengya/cynsq/application/api/controller/Repairdata.php:154]
error
[2020-09-22T08:46:31+08:00][ info ] [ LANG ] /Users/mac/Downloads/chengya/cynsq/thinkphp/lang/zh-cn.php
info
[2020-09-22T08:46:31+08:00][ error ] [16384]Specifying types in urls has been deprecated[/Users/mac/Downloads/chengya/cynsq/vendor/elasticsearch/elasticsearch/src/Elasticsearch/Endpoints/Search.php:34]
error
[2020-09-22T08:46:31+08:00][ info ] [ DB ] INIT mysql
info
[2020-09-22T08:46:31+08:00][ sql ] [ DB ] CONNECT:[ UseTime:0.003806s ] mysql:host=192.168.1.156;dbname=statics;charset=utf8
sql
[2020-09-22T08:46:31+08:00][ sql ] [ SQL ] SHOW COLUMNS FROM `cy_static_data_1000` [ RunTime:0.003341s ]
sql
[2020-09-22T08:46:31+08:00][ sql ] [ SQL ] SELECT * FROM `cy_static_data_1000` WHERE  `platform` = 2  AND `point_id` = 1000  AND `expoint` = 0  AND `day` = 20200921  AND `hour` = 13 LIMIT 1 [ RunTime:0.002536s ]
sql
[2020-09-22T08:46:31+08:00][ sql ] [ SQL ] UPDATE `cy_static_data_1000`  SET `platform` = 2 , `point_id` = 1000 , `expoint` = 0 , `account` = 1 , `day` = 20200921 , `hour` = 13  WHERE  `id` = 7 [ RunTime:0.023432s ]
sql
[2020-09-22T08:46:31+08:00][ sql ] [ SQL ] SELECT * FROM `cy_static_data_1000` WHERE  `platform` = 2  AND `point_id` = 1001  AND `expoint` = 0  AND `day` = 20200921  AND `hour` = 13 LIMIT 1 [ RunTime:0.001586s ]
sql
[2020-09-22T08:46:31+08:00][ sql ] [ SQL ] UPDATE `cy_static_data_1000`  SET `platform` = 2 , `point_id` = 1001 , `expoint` = 0 , `account` = 1 , `day` = 20200921 , `hour` = 13  WHERE  `id` = 8 [ RunTime:0.014462s ]
sql
[2020-09-22T08:46:31+08:00][ sql ] [ SQL ] SELECT * FROM `cy_static_data_1000` WHERE  `platform` = 2  AND `point_id` = 1002  AND `expoint` = 0  AND `day` = 20200921  AND `hour` = 13 LIMIT 1 [ RunTime:0.003185s ]
sql
[2020-09-22T08:46:31+08:00][ sql ] [ SQL ] UPDATE `cy_static_data_1000`  SET `platform` = 2 , `point_id` = 1002 , `expoint` = 0 , `account` = 1 , `day` = 20200921 , `hour` = 13  WHERE  `id` = 9 [ RunTime:0.014274s ]
sql
[2020-09-22T08:46:31+08:00][ error ] [16384]Specifying types in urls has been deprecated[/Users/mac/Downloads/chengya/cynsq/vendor/elasticsearch/elasticsearch/src/Elasticsearch/Endpoints/Search.php:34]
error
[2020-09-22T08:46:31+08:00][ sql ] [ SQL ] SHOW COLUMNS FROM `cy_view_user_1000` [ RunTime:0.003215s ]
sql
[2020-09-22T08:46:31+08:00][ sql ] [ SQL ] SELECT COUNT(*) AS tp_count FROM `cy_view_user_1000` [ RunTime:0.002019s ]
sql
[2020-09-22T08:46:31+08:00][ sql ] [ SQL ] SELECT COUNT(*) AS tp_count FROM `cy_view_user_1000` [ RunTime:0.002071s ]
sql
[2020-09-22T08:46:31+08:00][ sql ] [ SQL ] SELECT COUNT(*) AS tp_count FROM `cy_view_user_1000` [ RunTime:0.001403s ]
sql
[2020-09-22T08:46:31+08:00][ error ] [16384]Specifying types in urls has been deprecated[/Users/mac/Downloads/chengya/cynsq/vendor/elasticsearch/elasticsearch/src/Elasticsearch/Endpoints/Search.php:34]
error
[2020-09-22T08:46:31+08:00][ sql ] [ SQL ] SHOW COLUMNS FROM `cy_static_device_1000` [ RunTime:0.002462s ]
sql
[2020-09-22T08:46:31+08:00][ sql ] [ SQL ] SELECT * FROM `cy_static_device_1000` WHERE  `platform` = 2  AND `device_name` = 'Mac'  AND `device_brand` = ''  AND `device_type` = 'Unknow'  AND `device_version` = '10_13_6'  AND `day` = 20200922  AND `hour` = 07 LIMIT 1 [ RunTime:0.002519s ]
sql
[2020-09-22T08:46:31+08:00][ sql ] [ SQL ] UPDATE `cy_static_device_1000`  SET `platform` = 2 , `device_name` = 'Mac' , `device_brand` = '' , `device_type` = 'Unknow' , `device_version` = '10_13_6' , `account` = 3 , `day` = 20200922 , `hour` = 07  WHERE  `id` = 2 [ RunTime:0.014317s ]
sql
[2020-09-22T08:46:31+08:00][ error ] [16384]Specifying types in urls has been deprecated[/Users/mac/Downloads/chengya/cynsq/vendor/elasticsearch/elasticsearch/src/Elasticsearch/Endpoints/Search.php:34]
error
[2020-09-22T08:46:31+08:00][ sql ] [ SQL ] SHOW COLUMNS FROM `cy_static_area_1000` [ RunTime:0.002311s ]
sql
[2020-09-22T08:46:31+08:00][ sql ] [ SQL ] SELECT * FROM `cy_static_area_1000` WHERE  `platform` = 2  AND `province` = '河北省'  AND `city` = '石家庄市'  AND `day` = 20200921  AND `hour` = 13 LIMIT 1 [ RunTime:0.002164s ]
sql
[2020-09-22T08:46:31+08:00][ sql ] [ SQL ] INSERT INTO `cy_static_area_1000` (`platform` , `province` , `city` , `account` , `day` , `hour`) VALUES (2 , '河北省' , '石家庄市' , 3 , 20200921 , 13) [ RunTime:0.014830s ]
sql
[2020-09-22T08:46:39+08:00][ info ] [ LANG ] /Users/mac/Downloads/chengya/cynsq/thinkphp/lang/zh-cn.php
info
[2020-09-22T08:46:39+08:00][ error ] [16384]Specifying types in urls has been deprecated[/Users/mac/Downloads/chengya/cynsq/vendor/elasticsearch/elasticsearch/src/Elasticsearch/Endpoints/Search.php:34]
error
[2020-09-22T08:46:39+08:00][ info ] [ DB ] INIT mysql
info
[2020-09-22T08:46:39+08:00][ sql ] [ DB ] CONNECT:[ UseTime:0.004599s ] mysql:host=192.168.1.156;dbname=statics;charset=utf8
sql
[2020-09-22T08:46:39+08:00][ sql ] [ SQL ] SHOW COLUMNS FROM `cy_static_data_1000` [ RunTime:0.002678s ]
sql
[2020-09-22T08:46:39+08:00][ sql ] [ SQL ] SELECT * FROM `cy_static_data_1000` WHERE  `platform` = 2  AND `point_id` = 1000  AND `expoint` = 0  AND `day` = 20200921  AND `hour` = 13 LIMIT 1 [ RunTime:0.001426s ]
sql
[2020-09-22T08:46:39+08:00][ sql ] [ SQL ] UPDATE `cy_static_data_1000`  SET `platform` = 2 , `point_id` = 1000 , `expoint` = 0 , `account` = 1 , `day` = 20200921 , `hour` = 13  WHERE  `id` = 7 [ RunTime:0.007233s ]
sql
[2020-09-22T08:46:39+08:00][ sql ] [ SQL ] SELECT * FROM `cy_static_data_1000` WHERE  `platform` = 2  AND `point_id` = 1001  AND `expoint` = 0  AND `day` = 20200921  AND `hour` = 13 LIMIT 1 [ RunTime:0.002079s ]
sql
[2020-09-22T08:46:39+08:00][ sql ] [ SQL ] UPDATE `cy_static_data_1000`  SET `platform` = 2 , `point_id` = 1001 , `expoint` = 0 , `account` = 1 , `day` = 20200921 , `hour` = 13  WHERE  `id` = 8 [ RunTime:0.008014s ]
sql
[2020-09-22T08:46:39+08:00][ sql ] [ SQL ] SELECT * FROM `cy_static_data_1000` WHERE  `platform` = 2  AND `point_id` = 1002  AND `expoint` = 0  AND `day` = 20200921  AND `hour` = 13 LIMIT 1 [ RunTime:0.002080s ]
sql
[2020-09-22T08:46:39+08:00][ sql ] [ SQL ] UPDATE `cy_static_data_1000`  SET `platform` = 2 , `point_id` = 1002 , `expoint` = 0 , `account` = 1 , `day` = 20200921 , `hour` = 13  WHERE  `id` = 9 [ RunTime:0.007827s ]
sql
[2020-09-22T08:46:39+08:00][ error ] [16384]Specifying types in urls has been deprecated[/Users/mac/Downloads/chengya/cynsq/vendor/elasticsearch/elasticsearch/src/Elasticsearch/Endpoints/Search.php:34]
error
[2020-09-22T08:46:39+08:00][ sql ] [ SQL ] SHOW COLUMNS FROM `cy_view_user_1000` [ RunTime:0.002429s ]
sql
[2020-09-22T08:46:39+08:00][ sql ] [ SQL ] SELECT COUNT(*) AS tp_count FROM `cy_view_user_1000` [ RunTime:0.001947s ]
sql
[2020-09-22T08:46:39+08:00][ sql ] [ SQL ] SELECT COUNT(*) AS tp_count FROM `cy_view_user_1000` [ RunTime:0.001387s ]
sql
[2020-09-22T08:46:39+08:00][ sql ] [ SQL ] SELECT COUNT(*) AS tp_count FROM `cy_view_user_1000` [ RunTime:0.002162s ]
sql
[2020-09-22T08:46:39+08:00][ error ] [16384]Specifying types in urls has been deprecated[/Users/mac/Downloads/chengya/cynsq/vendor/elasticsearch/elasticsearch/src/Elasticsearch/Endpoints/Search.php:34]
error
[2020-09-22T08:46:39+08:00][ sql ] [ SQL ] SHOW COLUMNS FROM `cy_static_device_1000` [ RunTime:0.002402s ]
sql
[2020-09-22T08:46:39+08:00][ sql ] [ SQL ] SELECT * FROM `cy_static_device_1000` WHERE  `platform` = 2  AND `device_name` = 'Mac'  AND `device_brand` = ''  AND `device_type` = 'Unknow'  AND `device_version` = '10_13_6'  AND `day` = 20200922  AND `hour` = 07 LIMIT 1 [ RunTime:0.002064s ]
sql
[2020-09-22T08:46:39+08:00][ sql ] [ SQL ] UPDATE `cy_static_device_1000`  SET `platform` = 2 , `device_name` = 'Mac' , `device_brand` = '' , `device_type` = 'Unknow' , `device_version` = '10_13_6' , `account` = 3 , `day` = 20200922 , `hour` = 07  WHERE  `id` = 2 [ RunTime:0.007774s ]
sql
[2020-09-22T08:46:39+08:00][ error ] [16384]Specifying types in urls has been deprecated[/Users/mac/Downloads/chengya/cynsq/vendor/elasticsearch/elasticsearch/src/Elasticsearch/Endpoints/Search.php:34]
error
[2020-09-22T08:46:39+08:00][ sql ] [ SQL ] SHOW COLUMNS FROM `cy_static_area_1000` [ RunTime:0.002097s ]
sql
[2020-09-22T08:46:39+08:00][ sql ] [ SQL ] SELECT * FROM `cy_static_area_1000` WHERE  `platform` = 2  AND `province` = '河北省'  AND `city` = '石家庄市'  AND `day` = 20200921  AND `hour` = 13 LIMIT 1 [ RunTime:0.002247s ]
sql
[2020-09-22T08:46:39+08:00][ sql ] [ SQL ] UPDATE `cy_static_area_1000`  SET `platform` = 2 , `province` = '河北省' , `city` = '石家庄市' , `account` = 3 , `day` = 20200921 , `hour` = 13  WHERE  `id` = 2 [ RunTime:0.007815s ]
sql
[2020-09-22T08:48:21+08:00][ info ] [ LANG ] /Users/mac/Downloads/chengya/cynsq/thinkphp/lang/zh-cn.php
info
[2020-09-22T08:48:21+08:00][ error ] [16384]Specifying types in urls has been deprecated[/Users/mac/Downloads/chengya/cynsq/vendor/elasticsearch/elasticsearch/src/Elasticsearch/Endpoints/Search.php:34]
error
[2020-09-22T08:48:21+08:00][ info ] [ DB ] INIT mysql
info
[2020-09-22T08:48:21+08:00][ sql ] [ DB ] CONNECT:[ UseTime:0.005062s ] mysql:host=192.168.1.156;dbname=statics;charset=utf8
sql
[2020-09-22T08:48:21+08:00][ sql ] [ SQL ] SHOW COLUMNS FROM `cy_static_data_1000` [ RunTime:0.002412s ]
sql
[2020-09-22T08:48:21+08:00][ sql ] [ SQL ] SELECT * FROM `cy_static_data_1000` WHERE  `platform` = 2  AND `point_id` = 1000  AND `expoint` = 0  AND `day` = 20200921  AND `hour` = 13 LIMIT 1 [ RunTime:0.002062s ]
sql
[2020-09-22T08:48:21+08:00][ sql ] [ SQL ] UPDATE `cy_static_data_1000`  SET `platform` = 2 , `point_id` = 1000 , `expoint` = 0 , `account` = 1 , `day` = 20200921 , `hour` = 13  WHERE  `id` = 7 [ RunTime:0.002192s ]
sql
[2020-09-22T08:48:21+08:00][ sql ] [ SQL ] SELECT * FROM `cy_static_data_1000` WHERE  `platform` = 2  AND `point_id` = 1001  AND `expoint` = 0  AND `day` = 20200921  AND `hour` = 13 LIMIT 1 [ RunTime:0.002139s ]
sql
[2020-09-22T08:48:21+08:00][ sql ] [ SQL ] UPDATE `cy_static_data_1000`  SET `platform` = 2 , `point_id` = 1001 , `expoint` = 0 , `account` = 1 , `day` = 20200921 , `hour` = 13  WHERE  `id` = 8 [ RunTime:0.002346s ]
sql
[2020-09-22T08:48:21+08:00][ sql ] [ SQL ] SELECT * FROM `cy_static_data_1000` WHERE  `platform` = 2  AND `point_id` = 1002  AND `expoint` = 0  AND `day` = 20200921  AND `hour` = 13 LIMIT 1 [ RunTime:0.001408s ]
sql
[2020-09-22T08:48:21+08:00][ sql ] [ SQL ] UPDATE `cy_static_data_1000`  SET `platform` = 2 , `point_id` = 1002 , `expoint` = 0 , `account` = 1 , `day` = 20200921 , `hour` = 13  WHERE  `id` = 9 [ RunTime:0.002656s ]
sql
[2020-09-22T08:48:21+08:00][ error ] [16384]Specifying types in urls has been deprecated[/Users/mac/Downloads/chengya/cynsq/vendor/elasticsearch/elasticsearch/src/Elasticsearch/Endpoints/Search.php:34]
error
[2020-09-22T08:49:35+08:00][ info ] [ LANG ] /Users/mac/Downloads/chengya/cynsq/thinkphp/lang/zh-cn.php
info
[2020-09-22T08:49:35+08:00][ error ] [16384]Specifying types in urls has been deprecated[/Users/mac/Downloads/chengya/cynsq/vendor/elasticsearch/elasticsearch/src/Elasticsearch/Endpoints/Search.php:34]
error
[2020-09-22T08:49:35+08:00][ info ] [ DB ] INIT mysql
info
[2020-09-22T08:49:35+08:00][ sql ] [ DB ] CONNECT:[ UseTime:0.006547s ] mysql:host=192.168.1.156;dbname=statics;charset=utf8
sql
[2020-09-22T08:49:35+08:00][ sql ] [ SQL ] SHOW COLUMNS FROM `cy_static_data_1000` [ RunTime:0.005792s ]
sql
[2020-09-22T08:49:35+08:00][ sql ] [ SQL ] SELECT * FROM `cy_static_data_1000` WHERE  `platform` = 2  AND `point_id` = 1000  AND `expoint` = 0  AND `day` = 20200921  AND `hour` = 13 LIMIT 1 [ RunTime:0.003252s ]
sql
[2020-09-22T08:49:35+08:00][ sql ] [ SQL ] UPDATE `cy_static_data_1000`  SET `platform` = 2 , `point_id` = 1000 , `expoint` = 0 , `account` = 1 , `day` = 20200921 , `hour` = 13  WHERE  `id` = 7 [ RunTime:0.003021s ]
sql
[2020-09-22T08:49:35+08:00][ sql ] [ SQL ] SELECT * FROM `cy_static_data_1000` WHERE  `platform` = 2  AND `point_id` = 1001  AND `expoint` = 0  AND `day` = 20200921  AND `hour` = 13 LIMIT 1 [ RunTime:0.003616s ]
sql
[2020-09-22T08:49:35+08:00][ sql ] [ SQL ] UPDATE `cy_static_data_1000`  SET `platform` = 2 , `point_id` = 1001 , `expoint` = 0 , `account` = 1 , `day` = 20200921 , `hour` = 13  WHERE  `id` = 8 [ RunTime:0.003241s ]
sql
[2020-09-22T08:49:35+08:00][ sql ] [ SQL ] SELECT * FROM `cy_static_data_1000` WHERE  `platform` = 2  AND `point_id` = 1002  AND `expoint` = 0  AND `day` = 20200921  AND `hour` = 13 LIMIT 1 [ RunTime:0.002565s ]
sql
[2020-09-22T08:49:35+08:00][ sql ] [ SQL ] UPDATE `cy_static_data_1000`  SET `platform` = 2 , `point_id` = 1002 , `expoint` = 0 , `account` = 1 , `day` = 20200921 , `hour` = 13  WHERE  `id` = 9 [ RunTime:0.003127s ]
sql
[2020-09-22T08:49:35+08:00][ error ] [16384]Specifying types in urls has been deprecated[/Users/mac/Downloads/chengya/cynsq/vendor/elasticsearch/elasticsearch/src/Elasticsearch/Endpoints/Search.php:34]
error
[2020-09-22T08:49:35+08:00][ sql ] [ SQL ] SHOW COLUMNS FROM `cy_view_user_1000` [ RunTime:0.005698s ]
sql
[2020-09-22T08:49:35+08:00][ sql ] [ SQL ] SELECT COUNT(*) AS tp_count FROM `cy_view_user_1000` WHERE  `platform` = 2  AND `point_id` = 1000  AND `view_user_id` = 'ax120390'  AND `device_name` = 'Mac'  AND `device_brand` = ''  AND `device_type` = 'Unknow'  AND `device_version` = '10_13_6'  AND `province` = '河北省'  AND `city` = '石家庄市'  AND `day` = 20200921  AND `hour` = 13 [ RunTime:0.003168s ]
sql
[2020-09-22T08:49:35+08:00][ sql ] [ SQL ] INSERT INTO `cy_view_user_1000` (`platform` , `point_id` , `view_user_id` , `device_name` , `device_brand` , `device_type` , `device_version` , `province` , `city` , `day` , `hour`) VALUES (2 , 1000 , 'ax120390' , 'Mac' , '' , 'Unknow' , '10_13_6' , '河北省' , '石家庄市' , 20200921 , 13) [ RunTime:0.003211s ]
sql
[2020-09-22T08:49:36+08:00][ sql ] [ SQL ] SELECT COUNT(*) AS tp_count FROM `cy_view_user_1000` WHERE  `platform` = 2  AND `point_id` = 1001  AND `view_user_id` = 'ax120390'  AND `device_name` = 'Mac'  AND `device_brand` = ''  AND `device_type` = 'Unknow'  AND `device_version` = '10_13_6'  AND `province` = '河北省'  AND `city` = '石家庄市'  AND `day` = 20200921  AND `hour` = 13 [ RunTime:0.002926s ]
sql
[2020-09-22T08:49:36+08:00][ sql ] [ SQL ] INSERT INTO `cy_view_user_1000` (`platform` , `point_id` , `view_user_id` , `device_name` , `device_brand` , `device_type` , `device_version` , `province` , `city` , `day` , `hour`) VALUES (2 , 1001 , 'ax120390' , 'Mac' , '' , 'Unknow' , '10_13_6' , '河北省' , '石家庄市' , 20200921 , 13) [ RunTime:0.004165s ]
sql
[2020-09-22T08:49:36+08:00][ sql ] [ SQL ] SELECT COUNT(*) AS tp_count FROM `cy_view_user_1000` WHERE  `platform` = 2  AND `point_id` = 1002  AND `view_user_id` = 'ax120390'  AND `device_name` = 'Mac'  AND `device_brand` = ''  AND `device_type` = 'Unknow'  AND `device_version` = '10_13_6'  AND `province` = '河北省'  AND `city` = '石家庄市'  AND `day` = 20200921  AND `hour` = 13 [ RunTime:0.003405s ]
sql
[2020-09-22T08:49:36+08:00][ sql ] [ SQL ] INSERT INTO `cy_view_user_1000` (`platform` , `point_id` , `view_user_id` , `device_name` , `device_brand` , `device_type` , `device_version` , `province` , `city` , `day` , `hour`) VALUES (2 , 1002 , 'ax120390' , 'Mac' , '' , 'Unknow' , '10_13_6' , '河北省' , '石家庄市' , 20200921 , 13) [ RunTime:0.003292s ]
sql
[2020-09-22T08:49:36+08:00][ error ] [16384]Specifying types in urls has been deprecated[/Users/mac/Downloads/chengya/cynsq/vendor/elasticsearch/elasticsearch/src/Elasticsearch/Endpoints/Search.php:34]
error
[2020-09-22T08:49:36+08:00][ sql ] [ SQL ] SHOW COLUMNS FROM `cy_static_device_1000` [ RunTime:0.005710s ]
sql
[2020-09-22T08:49:36+08:00][ sql ] [ SQL ] SELECT * FROM `cy_static_device_1000` WHERE  `platform` = 2  AND `device_name` = 'Mac'  AND `device_brand` = ''  AND `device_type` = 'Unknow'  AND `device_version` = '10_13_6'  AND `day` = 20200922  AND `hour` = 07 LIMIT 1 [ RunTime:0.003155s ]
sql
[2020-09-22T08:49:36+08:00][ sql ] [ SQL ] UPDATE `cy_static_device_1000`  SET `platform` = 2 , `device_name` = 'Mac' , `device_brand` = '' , `device_type` = 'Unknow' , `device_version` = '10_13_6' , `account` = 3 , `day` = 20200922 , `hour` = 07  WHERE  `id` = 2 [ RunTime:0.002550s ]
sql
[2020-09-22T08:49:36+08:00][ error ] [16384]Specifying types in urls has been deprecated[/Users/mac/Downloads/chengya/cynsq/vendor/elasticsearch/elasticsearch/src/Elasticsearch/Endpoints/Search.php:34]
error
[2020-09-22T08:49:36+08:00][ sql ] [ SQL ] SHOW COLUMNS FROM `cy_static_area_1000` [ RunTime:0.002132s ]
sql
[2020-09-22T08:49:36+08:00][ sql ] [ SQL ] SELECT * FROM `cy_static_area_1000` WHERE  `platform` = 2  AND `province` = '河北省'  AND `city` = '石家庄市'  AND `day` = 20200921  AND `hour` = 13 LIMIT 1 [ RunTime:0.001567s ]
sql
[2020-09-22T08:49:36+08:00][ sql ] [ SQL ] UPDATE `cy_static_area_1000`  SET `platform` = 2 , `province` = '河北省' , `city` = '石家庄市' , `account` = 3 , `day` = 20200921 , `hour` = 13  WHERE  `id` = 2 [ RunTime:0.002669s ]
sql
[2020-09-22T08:49:42+08:00][ info ] [ LANG ] /Users/mac/Downloads/chengya/cynsq/thinkphp/lang/zh-cn.php
info
[2020-09-22T08:49:42+08:00][ error ] [16384]Specifying types in urls has been deprecated[/Users/mac/Downloads/chengya/cynsq/vendor/elasticsearch/elasticsearch/src/Elasticsearch/Endpoints/Search.php:34]
error
[2020-09-22T08:49:42+08:00][ info ] [ DB ] INIT mysql
info
[2020-09-22T08:49:42+08:00][ sql ] [ DB ] CONNECT:[ UseTime:0.006102s ] mysql:host=192.168.1.156;dbname=statics;charset=utf8
sql
[2020-09-22T08:49:42+08:00][ sql ] [ SQL ] SHOW COLUMNS FROM `cy_static_data_1000` [ RunTime:0.003672s ]
sql
[2020-09-22T08:49:42+08:00][ sql ] [ SQL ] SELECT * FROM `cy_static_data_1000` WHERE  `platform` = 2  AND `point_id` = 1000  AND `expoint` = 0  AND `day` = 20200921  AND `hour` = 13 LIMIT 1 [ RunTime:0.002106s ]
sql
[2020-09-22T08:49:42+08:00][ sql ] [ SQL ] UPDATE `cy_static_data_1000`  SET `platform` = 2 , `point_id` = 1000 , `expoint` = 0 , `account` = 1 , `day` = 20200921 , `hour` = 13  WHERE  `id` = 7 [ RunTime:0.002317s ]
sql
[2020-09-22T08:49:42+08:00][ sql ] [ SQL ] SELECT * FROM `cy_static_data_1000` WHERE  `platform` = 2  AND `point_id` = 1001  AND `expoint` = 0  AND `day` = 20200921  AND `hour` = 13 LIMIT 1 [ RunTime:0.001854s ]
sql
[2020-09-22T08:49:42+08:00][ sql ] [ SQL ] UPDATE `cy_static_data_1000`  SET `platform` = 2 , `point_id` = 1001 , `expoint` = 0 , `account` = 1 , `day` = 20200921 , `hour` = 13  WHERE  `id` = 8 [ RunTime:0.003115s ]
sql
[2020-09-22T08:49:42+08:00][ sql ] [ SQL ] SELECT * FROM `cy_static_data_1000` WHERE  `platform` = 2  AND `point_id` = 1002  AND `expoint` = 0  AND `day` = 20200921  AND `hour` = 13 LIMIT 1 [ RunTime:0.001737s ]
sql
[2020-09-22T08:49:42+08:00][ sql ] [ SQL ] UPDATE `cy_static_data_1000`  SET `platform` = 2 , `point_id` = 1002 , `expoint` = 0 , `account` = 1 , `day` = 20200921 , `hour` = 13  WHERE  `id` = 9 [ RunTime:0.002722s ]
sql
[2020-09-22T08:49:42+08:00][ error ] [16384]Specifying types in urls has been deprecated[/Users/mac/Downloads/chengya/cynsq/vendor/elasticsearch/elasticsearch/src/Elasticsearch/Endpoints/Search.php:34]
error
[2020-09-22T08:49:42+08:00][ sql ] [ SQL ] SHOW COLUMNS FROM `cy_view_user_1000` [ RunTime:0.003197s ]
sql
[2020-09-22T08:49:42+08:00][ sql ] [ SQL ] SELECT COUNT(*) AS tp_count FROM `cy_view_user_1000` WHERE  `platform` = 2  AND `point_id` = 1000  AND `view_user_id` = 'ax120390'  AND `device_name` = 'Mac'  AND `device_brand` = ''  AND `device_type` = 'Unknow'  AND `device_version` = '10_13_6'  AND `province` = '河北省'  AND `city` = '石家庄市'  AND `day` = 20200921  AND `hour` = 13 [ RunTime:0.001857s ]
sql
[2020-09-22T08:49:42+08:00][ sql ] [ SQL ] SELECT COUNT(*) AS tp_count FROM `cy_view_user_1000` WHERE  `platform` = 2  AND `point_id` = 1001  AND `view_user_id` = 'ax120390'  AND `device_name` = 'Mac'  AND `device_brand` = ''  AND `device_type` = 'Unknow'  AND `device_version` = '10_13_6'  AND `province` = '河北省'  AND `city` = '石家庄市'  AND `day` = 20200921  AND `hour` = 13 [ RunTime:0.001305s ]
sql
[2020-09-22T08:49:42+08:00][ sql ] [ SQL ] SELECT COUNT(*) AS tp_count FROM `cy_view_user_1000` WHERE  `platform` = 2  AND `point_id` = 1002  AND `view_user_id` = 'ax120390'  AND `device_name` = 'Mac'  AND `device_brand` = ''  AND `device_type` = 'Unknow'  AND `device_version` = '10_13_6'  AND `province` = '河北省'  AND `city` = '石家庄市'  AND `day` = 20200921  AND `hour` = 13 [ RunTime:0.001394s ]
sql
[2020-09-22T08:49:42+08:00][ error ] [16384]Specifying types in urls has been deprecated[/Users/mac/Downloads/chengya/cynsq/vendor/elasticsearch/elasticsearch/src/Elasticsearch/Endpoints/Search.php:34]
error
[2020-09-22T08:49:42+08:00][ sql ] [ SQL ] SHOW COLUMNS FROM `cy_static_device_1000` [ RunTime:0.002993s ]
sql
[2020-09-22T08:49:42+08:00][ sql ] [ SQL ] SELECT * FROM `cy_static_device_1000` WHERE  `platform` = 2  AND `device_name` = 'Mac'  AND `device_brand` = ''  AND `device_type` = 'Unknow'  AND `device_version` = '10_13_6'  AND `day` = 20200922  AND `hour` = 07 LIMIT 1 [ RunTime:0.001941s ]
sql
[2020-09-22T08:49:42+08:00][ sql ] [ SQL ] UPDATE `cy_static_device_1000`  SET `platform` = 2 , `device_name` = 'Mac' , `device_brand` = '' , `device_type` = 'Unknow' , `device_version` = '10_13_6' , `account` = 3 , `day` = 20200922 , `hour` = 07  WHERE  `id` = 2 [ RunTime:0.003051s ]
sql
[2020-09-22T08:49:42+08:00][ error ] [16384]Specifying types in urls has been deprecated[/Users/mac/Downloads/chengya/cynsq/vendor/elasticsearch/elasticsearch/src/Elasticsearch/Endpoints/Search.php:34]
error
[2020-09-22T08:49:42+08:00][ sql ] [ SQL ] SHOW COLUMNS FROM `cy_static_area_1000` [ RunTime:0.002112s ]
sql
[2020-09-22T08:49:42+08:00][ sql ] [ SQL ] SELECT * FROM `cy_static_area_1000` WHERE  `platform` = 2  AND `province` = '河北省'  AND `city` = '石家庄市'  AND `day` = 20200921  AND `hour` = 13 LIMIT 1 [ RunTime:0.002187s ]
sql
[2020-09-22T08:49:42+08:00][ sql ] [ SQL ] UPDATE `cy_static_area_1000`  SET `platform` = 2 , `province` = '河北省' , `city` = '石家庄市' , `account` = 3 , `day` = 20200921 , `hour` = 13  WHERE  `id` = 2 [ RunTime:0.002744s ]
sql
[2020-09-22T08:49:53+08:00][ info ] [ LANG ] /Users/mac/Downloads/chengya/cynsq/thinkphp/lang/zh-cn.php
info
[2020-09-22T08:49:53+08:00][ error ] [16384]Specifying types in urls has been deprecated[/Users/mac/Downloads/chengya/cynsq/vendor/elasticsearch/elasticsearch/src/Elasticsearch/Endpoints/Search.php:34]
error
[2020-09-22T08:49:53+08:00][ info ] [ DB ] INIT mysql
info
[2020-09-22T08:49:53+08:00][ sql ] [ DB ] CONNECT:[ UseTime:0.004378s ] mysql:host=192.168.1.156;dbname=statics;charset=utf8
sql
[2020-09-22T08:49:53+08:00][ sql ] [ SQL ] SHOW COLUMNS FROM `cy_static_data_1000` [ RunTime:0.003448s ]
sql
[2020-09-22T08:49:53+08:00][ sql ] [ SQL ] SELECT * FROM `cy_static_data_1000` WHERE  `platform` = 2  AND `point_id` = 1000  AND `expoint` = 0  AND `day` = 20200921  AND `hour` = 13 LIMIT 1 [ RunTime:0.001952s ]
sql
[2020-09-22T08:49:53+08:00][ sql ] [ SQL ] UPDATE `cy_static_data_1000`  SET `platform` = 2 , `point_id` = 1000 , `expoint` = 0 , `account` = 1 , `day` = 20200921 , `hour` = 13  WHERE  `id` = 7 [ RunTime:0.002053s ]
sql
[2020-09-22T08:49:53+08:00][ sql ] [ SQL ] SELECT * FROM `cy_static_data_1000` WHERE  `platform` = 2  AND `point_id` = 1001  AND `expoint` = 0  AND `day` = 20200921  AND `hour` = 13 LIMIT 1 [ RunTime:0.001397s ]
sql
[2020-09-22T08:49:53+08:00][ sql ] [ SQL ] UPDATE `cy_static_data_1000`  SET `platform` = 2 , `point_id` = 1001 , `expoint` = 0 , `account` = 1 , `day` = 20200921 , `hour` = 13  WHERE  `id` = 8 [ RunTime:0.002757s ]
sql
[2020-09-22T08:49:53+08:00][ sql ] [ SQL ] SELECT * FROM `cy_static_data_1000` WHERE  `platform` = 2  AND `point_id` = 1002  AND `expoint` = 0  AND `day` = 20200921  AND `hour` = 13 LIMIT 1 [ RunTime:0.001446s ]
sql
[2020-09-22T08:49:53+08:00][ sql ] [ SQL ] UPDATE `cy_static_data_1000`  SET `platform` = 2 , `point_id` = 1002 , `expoint` = 0 , `account` = 1 , `day` = 20200921 , `hour` = 13  WHERE  `id` = 9 [ RunTime:0.002654s ]
sql
[2020-09-22T08:49:53+08:00][ error ] [16384]Specifying types in urls has been deprecated[/Users/mac/Downloads/chengya/cynsq/vendor/elasticsearch/elasticsearch/src/Elasticsearch/Endpoints/Search.php:34]
error
[2020-09-22T08:49:53+08:00][ sql ] [ SQL ] SHOW COLUMNS FROM `cy_view_user_1000` [ RunTime:0.002112s ]
sql
[2020-09-22T08:49:53+08:00][ sql ] [ SQL ] SELECT COUNT(*) AS tp_count FROM `cy_view_user_1000` WHERE  `platform` = 2  AND `point_id` = 1000  AND `view_user_id` = 'ax120390'  AND `device_name` = 'Mac'  AND `device_brand` = ''  AND `device_type` = 'Unknow'  AND `device_version` = '10_13_6'  AND `province` = '河北省'  AND `city` = '石家庄市'  AND `day` = 20200921  AND `hour` = 13 [ RunTime:0.001899s ]
sql
[2020-09-22T08:49:53+08:00][ sql ] [ SQL ] SELECT COUNT(*) AS tp_count FROM `cy_view_user_1000` WHERE  `platform` = 2  AND `point_id` = 1001  AND `view_user_id` = 'ax120390'  AND `device_name` = 'Mac'  AND `device_brand` = ''  AND `device_type` = 'Unknow'  AND `device_version` = '10_13_6'  AND `province` = '河北省'  AND `city` = '石家庄市'  AND `day` = 20200921  AND `hour` = 13 [ RunTime:0.002047s ]
sql
[2020-09-22T08:49:53+08:00][ sql ] [ SQL ] SELECT COUNT(*) AS tp_count FROM `cy_view_user_1000` WHERE  `platform` = 2  AND `point_id` = 1002  AND `view_user_id` = 'ax120390'  AND `device_name` = 'Mac'  AND `device_brand` = ''  AND `device_type` = 'Unknow'  AND `device_version` = '10_13_6'  AND `province` = '河北省'  AND `city` = '石家庄市'  AND `day` = 20200921  AND `hour` = 13 [ RunTime:0.001933s ]
sql
[2020-09-22T08:49:53+08:00][ sql ] [ SQL ] INSERT INTO `cy_view_user_1000` (`platform` , `point_id` , `view_user_id` , `device_name` , `device_brand` , `device_type` , `device_version` , `province` , `city` , `day` , `hour`) VALUES (2 , 1002 , 'ax120390' , 'Mac' , '' , 'Unknow' , '10_13_6' , '河北省' , '石家庄市' , 20200921 , 13) [ RunTime:0.002078s ]
sql
[2020-09-22T08:49:53+08:00][ error ] [16384]Specifying types in urls has been deprecated[/Users/mac/Downloads/chengya/cynsq/vendor/elasticsearch/elasticsearch/src/Elasticsearch/Endpoints/Search.php:34]
error
[2020-09-22T08:49:53+08:00][ sql ] [ SQL ] SHOW COLUMNS FROM `cy_static_device_1000` [ RunTime:0.002224s ]
sql
[2020-09-22T08:49:53+08:00][ sql ] [ SQL ] SELECT * FROM `cy_static_device_1000` WHERE  `platform` = 2  AND `device_name` = 'Mac'  AND `device_brand` = ''  AND `device_type` = 'Unknow'  AND `device_version` = '10_13_6'  AND `day` = 20200922  AND `hour` = 07 LIMIT 1 [ RunTime:0.002101s ]
sql
[2020-09-22T08:49:53+08:00][ sql ] [ SQL ] UPDATE `cy_static_device_1000`  SET `platform` = 2 , `device_name` = 'Mac' , `device_brand` = '' , `device_type` = 'Unknow' , `device_version` = '10_13_6' , `account` = 3 , `day` = 20200922 , `hour` = 07  WHERE  `id` = 2 [ RunTime:0.002692s ]
sql
[2020-09-22T08:49:53+08:00][ error ] [16384]Specifying types in urls has been deprecated[/Users/mac/Downloads/chengya/cynsq/vendor/elasticsearch/elasticsearch/src/Elasticsearch/Endpoints/Search.php:34]
error
[2020-09-22T08:49:53+08:00][ sql ] [ SQL ] SHOW COLUMNS FROM `cy_static_area_1000` [ RunTime:0.002088s ]
sql
[2020-09-22T08:49:53+08:00][ sql ] [ SQL ] SELECT * FROM `cy_static_area_1000` WHERE  `platform` = 2  AND `province` = '河北省'  AND `city` = '石家庄市'  AND `day` = 20200921  AND `hour` = 13 LIMIT 1 [ RunTime:0.002103s ]
sql
[2020-09-22T08:49:53+08:00][ sql ] [ SQL ] UPDATE `cy_static_area_1000`  SET `platform` = 2 , `province` = '河北省' , `city` = '石家庄市' , `account` = 3 , `day` = 20200921 , `hour` = 13  WHERE  `id` = 2 [ RunTime:0.002705s ]
sql
[2020-09-22T08:51:34+08:00][ info ] [ LANG ] /Users/mac/Downloads/chengya/cynsq/thinkphp/lang/zh-cn.php
info
[2020-09-22T08:51:34+08:00][ error ] [16384]Specifying types in urls has been deprecated[/Users/mac/Downloads/chengya/cynsq/vendor/elasticsearch/elasticsearch/src/Elasticsearch/Endpoints/Search.php:34]
error
[2020-09-22T08:51:34+08:00][ info ] [ DB ] INIT mysql
info
[2020-09-22T08:51:34+08:00][ sql ] [ DB ] CONNECT:[ UseTime:0.004603s ] mysql:host=192.168.1.156;dbname=statics;charset=utf8
sql
[2020-09-22T08:51:34+08:00][ sql ] [ SQL ] SHOW COLUMNS FROM `cy_static_data_1000` [ RunTime:0.002517s ]
sql
[2020-09-22T08:51:34+08:00][ sql ] [ SQL ] SELECT * FROM `cy_static_data_1000` WHERE  `platform` = 2  AND `point_id` = 1000  AND `expoint` = 0  AND `day` = 20200921  AND `hour` = 13 LIMIT 1 [ RunTime:0.001933s ]
sql
[2020-09-22T08:51:34+08:00][ sql ] [ SQL ] UPDATE `cy_static_data_1000`  SET `platform` = 2 , `point_id` = 1000 , `expoint` = 0 , `account` = 1 , `day` = 20200921 , `hour` = 13  WHERE  `id` = 7 [ RunTime:0.002025s ]
sql
[2020-09-22T08:51:34+08:00][ sql ] [ SQL ] SELECT * FROM `cy_static_data_1000` WHERE  `platform` = 2  AND `point_id` = 1001  AND `expoint` = 0  AND `day` = 20200921  AND `hour` = 13 LIMIT 1 [ RunTime:0.001633s ]
sql
[2020-09-22T08:51:34+08:00][ sql ] [ SQL ] UPDATE `cy_static_data_1000`  SET `platform` = 2 , `point_id` = 1001 , `expoint` = 0 , `account` = 1 , `day` = 20200921 , `hour` = 13  WHERE  `id` = 8 [ RunTime:0.002653s ]
sql
[2020-09-22T08:51:34+08:00][ sql ] [ SQL ] SELECT * FROM `cy_static_data_1000` WHERE  `platform` = 2  AND `point_id` = 1002  AND `expoint` = 0  AND `day` = 20200921  AND `hour` = 13 LIMIT 1 [ RunTime:0.001948s ]
sql
[2020-09-22T08:51:34+08:00][ sql ] [ SQL ] UPDATE `cy_static_data_1000`  SET `platform` = 2 , `point_id` = 1002 , `expoint` = 0 , `account` = 1 , `day` = 20200921 , `hour` = 13  WHERE  `id` = 9 [ RunTime:0.002582s ]
sql
[2020-09-22T08:51:34+08:00][ error ] [16384]Specifying types in urls has been deprecated[/Users/mac/Downloads/chengya/cynsq/vendor/elasticsearch/elasticsearch/src/Elasticsearch/Endpoints/Search.php:34]
error
[2020-09-22T08:51:34+08:00][ sql ] [ SQL ] SHOW COLUMNS FROM `cy_view_user_1000` [ RunTime:0.002052s ]
sql
[2020-09-22T08:51:34+08:00][ sql ] [ SQL ] SELECT COUNT(*) AS tp_count FROM `cy_view_user_1000` WHERE  `platform` = 2  AND `point_id` = 1000  AND `view_user_id` = 'ax120390'  AND `device_name` = 'Mac'  AND `device_brand` = ''  AND `device_type` = 'Unknow'  AND `device_version` = '10_13_6'  AND `province` = '河北省'  AND `city` = '石家庄市'  AND `day` = 20200921  AND `hour` = 13 [ RunTime:0.002033s ]
sql
[2020-09-22T08:51:34+08:00][ sql ] [ SQL ] SELECT COUNT(*) AS tp_count FROM `cy_view_user_1000` WHERE  `platform` = 2  AND `point_id` = 1001  AND `view_user_id` = 'ax120390'  AND `device_name` = 'Mac'  AND `device_brand` = ''  AND `device_type` = 'Unknow'  AND `device_version` = '10_13_6'  AND `province` = '河北省'  AND `city` = '石家庄市'  AND `day` = 20200921  AND `hour` = 13 [ RunTime:0.001342s ]
sql
[2020-09-22T08:51:34+08:00][ sql ] [ SQL ] SELECT COUNT(*) AS tp_count FROM `cy_view_user_1000` WHERE  `platform` = 2  AND `point_id` = 1002  AND `view_user_id` = 'ax120390'  AND `device_name` = 'Mac'  AND `device_brand` = ''  AND `device_type` = 'Unknow'  AND `device_version` = '10_13_6'  AND `province` = '河北省'  AND `city` = '石家庄市'  AND `day` = 20200921  AND `hour` = 13 [ RunTime:0.001401s ]
sql
[2020-09-22T08:51:34+08:00][ error ] [16384]Specifying types in urls has been deprecated[/Users/mac/Downloads/chengya/cynsq/vendor/elasticsearch/elasticsearch/src/Elasticsearch/Endpoints/Search.php:34]
error
[2020-09-22T08:51:34+08:00][ sql ] [ SQL ] SHOW COLUMNS FROM `cy_static_device_1000` [ RunTime:0.002048s ]
sql
[2020-09-22T08:51:34+08:00][ sql ] [ SQL ] SELECT * FROM `cy_static_device_1000` WHERE  `platform` = 2  AND `device_name` = 'Mac'  AND `device_brand` = ''  AND `device_type` = 'Unknow'  AND `device_version` = '10_13_6'  AND `day` = 20200921  AND `hour` = 13 LIMIT 1 [ RunTime:0.001482s ]
sql
[2020-09-22T08:51:34+08:00][ sql ] [ SQL ] INSERT INTO `cy_static_device_1000` (`platform` , `device_name` , `device_brand` , `device_type` , `device_version` , `account` , `day` , `hour`) VALUES (2 , 'Mac' , '' , 'Unknow' , '10_13_6' , 3 , 20200921 , 13) [ RunTime:0.002341s ]
sql
[2020-09-22T08:51:34+08:00][ error ] [16384]Specifying types in urls has been deprecated[/Users/mac/Downloads/chengya/cynsq/vendor/elasticsearch/elasticsearch/src/Elasticsearch/Endpoints/Search.php:34]
error
[2020-09-22T08:51:34+08:00][ sql ] [ SQL ] SHOW COLUMNS FROM `cy_static_area_1000` [ RunTime:0.002011s ]
sql
[2020-09-22T08:51:34+08:00][ sql ] [ SQL ] SELECT * FROM `cy_static_area_1000` WHERE  `platform` = 2  AND `province` = '河北省'  AND `city` = '石家庄市'  AND `day` = 20200921  AND `hour` = 13 LIMIT 1 [ RunTime:0.002071s ]
sql
[2020-09-22T08:51:34+08:00][ sql ] [ SQL ] UPDATE `cy_static_area_1000`  SET `platform` = 2 , `province` = '河北省' , `city` = '石家庄市' , `account` = 3 , `day` = 20200921 , `hour` = 13  WHERE  `id` = 2 [ RunTime:0.002793s ]
sql
[2020-09-22T08:51:40+08:00][ info ] [ LANG ] /Users/mac/Downloads/chengya/cynsq/thinkphp/lang/zh-cn.php
info
[2020-09-22T08:51:40+08:00][ error ] [16384]Specifying types in urls has been deprecated[/Users/mac/Downloads/chengya/cynsq/vendor/elasticsearch/elasticsearch/src/Elasticsearch/Endpoints/Search.php:34]
error
[2020-09-22T08:51:40+08:00][ info ] [ DB ] INIT mysql
info
[2020-09-22T08:51:40+08:00][ sql ] [ DB ] CONNECT:[ UseTime:0.004345s ] mysql:host=192.168.1.156;dbname=statics;charset=utf8
sql
[2020-09-22T08:51:40+08:00][ sql ] [ SQL ] SHOW COLUMNS FROM `cy_static_data_1000` [ RunTime:0.003128s ]
sql
[2020-09-22T08:51:40+08:00][ sql ] [ SQL ] SELECT * FROM `cy_static_data_1000` WHERE  `platform` = 2  AND `point_id` = 1000  AND `expoint` = 0  AND `day` = 20200921  AND `hour` = 13 LIMIT 1 [ RunTime:0.001980s ]
sql
[2020-09-22T08:51:40+08:00][ sql ] [ SQL ] UPDATE `cy_static_data_1000`  SET `platform` = 2 , `point_id` = 1000 , `expoint` = 0 , `account` = 1 , `day` = 20200921 , `hour` = 13  WHERE  `id` = 7 [ RunTime:0.002130s ]
sql
[2020-09-22T08:51:40+08:00][ sql ] [ SQL ] SELECT * FROM `cy_static_data_1000` WHERE  `platform` = 2  AND `point_id` = 1001  AND `expoint` = 0  AND `day` = 20200921  AND `hour` = 13 LIMIT 1 [ RunTime:0.002196s ]
sql
[2020-09-22T08:51:40+08:00][ sql ] [ SQL ] UPDATE `cy_static_data_1000`  SET `platform` = 2 , `point_id` = 1001 , `expoint` = 0 , `account` = 1 , `day` = 20200921 , `hour` = 13  WHERE  `id` = 8 [ RunTime:0.002858s ]
sql
[2020-09-22T08:51:40+08:00][ sql ] [ SQL ] SELECT * FROM `cy_static_data_1000` WHERE  `platform` = 2  AND `point_id` = 1002  AND `expoint` = 0  AND `day` = 20200921  AND `hour` = 13 LIMIT 1 [ RunTime:0.001554s ]
sql
[2020-09-22T08:51:40+08:00][ sql ] [ SQL ] UPDATE `cy_static_data_1000`  SET `platform` = 2 , `point_id` = 1002 , `expoint` = 0 , `account` = 1 , `day` = 20200921 , `hour` = 13  WHERE  `id` = 9 [ RunTime:0.002898s ]
sql
[2020-09-22T08:51:40+08:00][ error ] [16384]Specifying types in urls has been deprecated[/Users/mac/Downloads/chengya/cynsq/vendor/elasticsearch/elasticsearch/src/Elasticsearch/Endpoints/Search.php:34]
error
[2020-09-22T08:51:40+08:00][ sql ] [ SQL ] SHOW COLUMNS FROM `cy_view_user_1000` [ RunTime:0.002621s ]
sql
[2020-09-22T08:51:40+08:00][ sql ] [ SQL ] SELECT COUNT(*) AS tp_count FROM `cy_view_user_1000` WHERE  `platform` = 2  AND `point_id` = 1000  AND `view_user_id` = 'ax120390'  AND `device_name` = 'Mac'  AND `device_brand` = ''  AND `device_type` = 'Unknow'  AND `device_version` = '10_13_6'  AND `province` = '河北省'  AND `city` = '石家庄市'  AND `day` = 20200921  AND `hour` = 13 [ RunTime:0.001564s ]
sql
[2020-09-22T08:51:40+08:00][ sql ] [ SQL ] SELECT COUNT(*) AS tp_count FROM `cy_view_user_1000` WHERE  `platform` = 2  AND `point_id` = 1001  AND `view_user_id` = 'ax120390'  AND `device_name` = 'Mac'  AND `device_brand` = ''  AND `device_type` = 'Unknow'  AND `device_version` = '10_13_6'  AND `province` = '河北省'  AND `city` = '石家庄市'  AND `day` = 20200921  AND `hour` = 13 [ RunTime:0.001389s ]
sql
[2020-09-22T08:51:40+08:00][ sql ] [ SQL ] SELECT COUNT(*) AS tp_count FROM `cy_view_user_1000` WHERE  `platform` = 2  AND `point_id` = 1002  AND `view_user_id` = 'ax120390'  AND `device_name` = 'Mac'  AND `device_brand` = ''  AND `device_type` = 'Unknow'  AND `device_version` = '10_13_6'  AND `province` = '河北省'  AND `city` = '石家庄市'  AND `day` = 20200921  AND `hour` = 13 [ RunTime:0.002095s ]
sql
[2020-09-22T08:51:40+08:00][ error ] [16384]Specifying types in urls has been deprecated[/Users/mac/Downloads/chengya/cynsq/vendor/elasticsearch/elasticsearch/src/Elasticsearch/Endpoints/Search.php:34]
error
[2020-09-22T08:51:40+08:00][ sql ] [ SQL ] SHOW COLUMNS FROM `cy_static_device_1000` [ RunTime:0.002520s ]
sql
[2020-09-22T08:51:40+08:00][ sql ] [ SQL ] SELECT * FROM `cy_static_device_1000` WHERE  `platform` = 2  AND `device_name` = 'Mac'  AND `device_brand` = ''  AND `device_type` = 'Unknow'  AND `device_version` = '10_13_6'  AND `day` = 20200921  AND `hour` = 13 LIMIT 1 [ RunTime:0.001833s ]
sql
[2020-09-22T08:51:40+08:00][ sql ] [ SQL ] UPDATE `cy_static_device_1000`  SET `platform` = 2 , `device_name` = 'Mac' , `device_brand` = '' , `device_type` = 'Unknow' , `device_version` = '10_13_6' , `account` = 3 , `day` = 20200921 , `hour` = 13  WHERE  `id` = 3 [ RunTime:0.002556s ]
sql
[2020-09-22T08:51:40+08:00][ error ] [16384]Specifying types in urls has been deprecated[/Users/mac/Downloads/chengya/cynsq/vendor/elasticsearch/elasticsearch/src/Elasticsearch/Endpoints/Search.php:34]
error
[2020-09-22T08:51:40+08:00][ sql ] [ SQL ] SHOW COLUMNS FROM `cy_static_area_1000` [ RunTime:0.002460s ]
sql
[2020-09-22T08:51:40+08:00][ sql ] [ SQL ] SELECT * FROM `cy_static_area_1000` WHERE  `platform` = 2  AND `province` = '河北省'  AND `city` = '石家庄市'  AND `day` = 20200921  AND `hour` = 13 LIMIT 1 [ RunTime:0.001762s ]
sql
[2020-09-22T08:51:40+08:00][ sql ] [ SQL ] UPDATE `cy_static_area_1000`  SET `platform` = 2 , `province` = '河北省' , `city` = '石家庄市' , `account` = 3 , `day` = 20200921 , `hour` = 13  WHERE  `id` = 2 [ RunTime:0.002837s ]
sql
[2020-09-22T08:51:49+08:00][ info ] [ LANG ] /Users/mac/Downloads/chengya/cynsq/thinkphp/lang/zh-cn.php
info
[2020-09-22T08:51:49+08:00][ error ] [16384]Specifying types in urls has been deprecated[/Users/mac/Downloads/chengya/cynsq/vendor/elasticsearch/elasticsearch/src/Elasticsearch/Endpoints/Search.php:34]
error
[2020-09-22T08:51:49+08:00][ info ] [ DB ] INIT mysql
info
[2020-09-22T08:51:49+08:00][ sql ] [ DB ] CONNECT:[ UseTime:0.004639s ] mysql:host=192.168.1.156;dbname=statics;charset=utf8
sql
[2020-09-22T08:51:49+08:00][ sql ] [ SQL ] SHOW COLUMNS FROM `cy_static_data_1000` [ RunTime:0.002696s ]
sql
[2020-09-22T08:51:49+08:00][ sql ] [ SQL ] SELECT * FROM `cy_static_data_1000` WHERE  `platform` = 2  AND `point_id` = 1000  AND `expoint` = 0  AND `day` = 20200921  AND `hour` = 13 LIMIT 1 [ RunTime:0.002061s ]
sql
[2020-09-22T08:51:49+08:00][ sql ] [ SQL ] UPDATE `cy_static_data_1000`  SET `platform` = 2 , `point_id` = 1000 , `expoint` = 0 , `account` = 1 , `day` = 20200921 , `hour` = 13  WHERE  `id` = 7 [ RunTime:0.002209s ]
sql
[2020-09-22T08:51:49+08:00][ sql ] [ SQL ] SELECT * FROM `cy_static_data_1000` WHERE  `platform` = 2  AND `point_id` = 1001  AND `expoint` = 0  AND `day` = 20200921  AND `hour` = 13 LIMIT 1 [ RunTime:0.002095s ]
sql
[2020-09-22T08:51:49+08:00][ sql ] [ SQL ] UPDATE `cy_static_data_1000`  SET `platform` = 2 , `point_id` = 1001 , `expoint` = 0 , `account` = 1 , `day` = 20200921 , `hour` = 13  WHERE  `id` = 8 [ RunTime:0.002516s ]
sql
[2020-09-22T08:51:49+08:00][ sql ] [ SQL ] SELECT * FROM `cy_static_data_1000` WHERE  `platform` = 2  AND `point_id` = 1002  AND `expoint` = 0  AND `day` = 20200921  AND `hour` = 13 LIMIT 1 [ RunTime:0.001814s ]
sql
[2020-09-22T08:51:49+08:00][ sql ] [ SQL ] UPDATE `cy_static_data_1000`  SET `platform` = 2 , `point_id` = 1002 , `expoint` = 0 , `account` = 1 , `day` = 20200921 , `hour` = 13  WHERE  `id` = 9 [ RunTime:0.002747s ]
sql
[2020-09-22T08:51:49+08:00][ error ] [16384]Specifying types in urls has been deprecated[/Users/mac/Downloads/chengya/cynsq/vendor/elasticsearch/elasticsearch/src/Elasticsearch/Endpoints/Search.php:34]
error
[2020-09-22T08:51:49+08:00][ sql ] [ SQL ] SHOW COLUMNS FROM `cy_view_user_1000` [ RunTime:0.002254s ]
sql
[2020-09-22T08:51:49+08:00][ sql ] [ SQL ] SELECT COUNT(*) AS tp_count FROM `cy_view_user_1000` WHERE  `platform` = 2  AND `point_id` = 1000  AND `view_user_id` = 'ax120390'  AND `device_name` = 'Mac'  AND `device_brand` = ''  AND `device_type` = 'Unknow'  AND `device_version` = '10_13_6'  AND `province` = '河北省'  AND `city` = '石家庄市'  AND `day` = 20200921  AND `hour` = 13 [ RunTime:0.002089s ]
sql
[2020-09-22T08:51:49+08:00][ sql ] [ SQL ] SELECT COUNT(*) AS tp_count FROM `cy_view_user_1000` WHERE  `platform` = 2  AND `point_id` = 1001  AND `view_user_id` = 'ax120390'  AND `device_name` = 'Mac'  AND `device_brand` = ''  AND `device_type` = 'Unknow'  AND `device_version` = '10_13_6'  AND `province` = '河北省'  AND `city` = '石家庄市'  AND `day` = 20200921  AND `hour` = 13 [ RunTime:0.001992s ]
sql
[2020-09-22T08:51:49+08:00][ sql ] [ SQL ] SELECT COUNT(*) AS tp_count FROM `cy_view_user_1000` WHERE  `platform` = 2  AND `point_id` = 1002  AND `view_user_id` = 'ax120390'  AND `device_name` = 'Mac'  AND `device_brand` = ''  AND `device_type` = 'Unknow'  AND `device_version` = '10_13_6'  AND `province` = '河北省'  AND `city` = '石家庄市'  AND `day` = 20200921  AND `hour` = 13 [ RunTime:0.002165s ]
sql
[2020-09-22T08:51:49+08:00][ error ] [16384]Specifying types in urls has been deprecated[/Users/mac/Downloads/chengya/cynsq/vendor/elasticsearch/elasticsearch/src/Elasticsearch/Endpoints/Search.php:34]
error
[2020-09-22T08:51:49+08:00][ sql ] [ SQL ] SHOW COLUMNS FROM `cy_static_device_1000` [ RunTime:0.002153s ]
sql
[2020-09-22T08:51:49+08:00][ sql ] [ SQL ] SELECT * FROM `cy_static_device_1000` WHERE  `platform` = 2  AND `device_name` = 'Mac'  AND `device_brand` = ''  AND `device_type` = 'Unknow'  AND `device_version` = '10_13_6'  AND `day` = 20200921  AND `hour` = 13 LIMIT 1 [ RunTime:0.002237s ]
sql
[2020-09-22T08:51:49+08:00][ sql ] [ SQL ] UPDATE `cy_static_device_1000`  SET `platform` = 2 , `device_name` = 'Mac' , `device_brand` = '' , `device_type` = 'Unknow' , `device_version` = '10_13_6' , `account` = 3 , `day` = 20200921 , `hour` = 13  WHERE  `id` = 3 [ RunTime:0.002635s ]
sql
[2020-09-22T08:51:49+08:00][ error ] [16384]Specifying types in urls has been deprecated[/Users/mac/Downloads/chengya/cynsq/vendor/elasticsearch/elasticsearch/src/Elasticsearch/Endpoints/Search.php:34]
error
[2020-09-22T08:51:49+08:00][ sql ] [ SQL ] SHOW COLUMNS FROM `cy_static_area_1000` [ RunTime:0.001963s ]
sql
[2020-09-22T08:51:49+08:00][ sql ] [ SQL ] SELECT * FROM `cy_static_area_1000` WHERE  `platform` = 2  AND `province` = '河北省'  AND `city` = '石家庄市'  AND `day` = 20200921  AND `hour` = 13 LIMIT 1 [ RunTime:0.001524s ]
sql
[2020-09-22T08:51:49+08:00][ sql ] [ SQL ] UPDATE `cy_static_area_1000`  SET `platform` = 2 , `province` = '河北省' , `city` = '石家庄市' , `account` = 3 , `day` = 20200921 , `hour` = 13  WHERE  `id` = 2 [ RunTime:0.002891s ]
sql
[2020-09-22T08:52:15+08:00][ info ] [ LANG ] /Users/mac/Downloads/chengya/cynsq/thinkphp/lang/zh-cn.php
info
[2020-09-22T08:52:15+08:00][ error ] [16384]Specifying types in urls has been deprecated[/Users/mac/Downloads/chengya/cynsq/vendor/elasticsearch/elasticsearch/src/Elasticsearch/Endpoints/Search.php:34]
error
[2020-09-22T08:52:15+08:00][ info ] [ DB ] INIT mysql
info
[2020-09-22T08:52:15+08:00][ sql ] [ DB ] CONNECT:[ UseTime:0.004577s ] mysql:host=192.168.1.156;dbname=statics;charset=utf8
sql
[2020-09-22T08:52:15+08:00][ sql ] [ SQL ] SHOW COLUMNS FROM `cy_static_data_1000` [ RunTime:0.003711s ]
sql
[2020-09-22T08:52:15+08:00][ sql ] [ SQL ] SELECT * FROM `cy_static_data_1000` WHERE  `platform` = 2  AND `point_id` = 1000  AND `expoint` = 0  AND `day` = 20200921  AND `hour` = 13 LIMIT 1 [ RunTime:0.002782s ]
sql
[2020-09-22T08:52:15+08:00][ sql ] [ SQL ] UPDATE `cy_static_data_1000`  SET `platform` = 2 , `point_id` = 1000 , `expoint` = 0 , `account` = 1 , `day` = 20200921 , `hour` = 13  WHERE  `id` = 7 [ RunTime:0.002274s ]
sql
[2020-09-22T08:52:15+08:00][ sql ] [ SQL ] SELECT * FROM `cy_static_data_1000` WHERE  `platform` = 2  AND `point_id` = 1001  AND `expoint` = 0  AND `day` = 20200921  AND `hour` = 13 LIMIT 1 [ RunTime:0.002294s ]
sql
[2020-09-22T08:52:15+08:00][ sql ] [ SQL ] UPDATE `cy_static_data_1000`  SET `platform` = 2 , `point_id` = 1001 , `expoint` = 0 , `account` = 1 , `day` = 20200921 , `hour` = 13  WHERE  `id` = 8 [ RunTime:0.003487s ]
sql
[2020-09-22T08:52:15+08:00][ sql ] [ SQL ] SELECT * FROM `cy_static_data_1000` WHERE  `platform` = 2  AND `point_id` = 1002  AND `expoint` = 0  AND `day` = 20200921  AND `hour` = 13 LIMIT 1 [ RunTime:0.001889s ]
sql
[2020-09-22T08:52:15+08:00][ sql ] [ SQL ] UPDATE `cy_static_data_1000`  SET `platform` = 2 , `point_id` = 1002 , `expoint` = 0 , `account` = 1 , `day` = 20200921 , `hour` = 13  WHERE  `id` = 9 [ RunTime:0.002562s ]
sql
[2020-09-22T08:52:15+08:00][ error ] [16384]Specifying types in urls has been deprecated[/Users/mac/Downloads/chengya/cynsq/vendor/elasticsearch/elasticsearch/src/Elasticsearch/Endpoints/Search.php:34]
error
[2020-09-22T08:52:15+08:00][ sql ] [ SQL ] SHOW COLUMNS FROM `cy_view_user_1000` [ RunTime:0.002271s ]
sql
[2020-09-22T08:52:15+08:00][ sql ] [ SQL ] SELECT COUNT(*) AS tp_count FROM `cy_view_user_1000` WHERE  `platform` = 2  AND `point_id` = 1000  AND `view_user_id` = 'ax120390'  AND `device_name` = 'Mac'  AND `device_brand` = ''  AND `device_type` = 'Unknow'  AND `device_version` = '10_13_6'  AND `province` = '河北省'  AND `city` = '石家庄市'  AND `day` = 20200921  AND `hour` = 13 [ RunTime:0.001957s ]
sql
[2020-09-22T08:52:15+08:00][ sql ] [ SQL ] SELECT COUNT(*) AS tp_count FROM `cy_view_user_1000` WHERE  `platform` = 2  AND `point_id` = 1001  AND `view_user_id` = 'ax120390'  AND `device_name` = 'Mac'  AND `device_brand` = ''  AND `device_type` = 'Unknow'  AND `device_version` = '10_13_6'  AND `province` = '河北省'  AND `city` = '石家庄市'  AND `day` = 20200921  AND `hour` = 13 [ RunTime:0.002065s ]
sql
[2020-09-22T08:52:15+08:00][ sql ] [ SQL ] SELECT COUNT(*) AS tp_count FROM `cy_view_user_1000` WHERE  `platform` = 2  AND `point_id` = 1002  AND `view_user_id` = 'ax120390'  AND `device_name` = 'Mac'  AND `device_brand` = ''  AND `device_type` = 'Unknow'  AND `device_version` = '10_13_6'  AND `province` = '河北省'  AND `city` = '石家庄市'  AND `day` = 20200921  AND `hour` = 13 [ RunTime:0.002037s ]
sql
[2020-09-22T08:52:15+08:00][ error ] [16384]Specifying types in urls has been deprecated[/Users/mac/Downloads/chengya/cynsq/vendor/elasticsearch/elasticsearch/src/Elasticsearch/Endpoints/Search.php:34]
error
[2020-09-22T08:52:15+08:00][ sql ] [ SQL ] SHOW COLUMNS FROM `cy_static_device_1000` [ RunTime:0.002158s ]
sql
[2020-09-22T08:52:15+08:00][ sql ] [ SQL ] SELECT * FROM `cy_static_device_1000` WHERE  `platform` = 2  AND `device_name` = 'Mac'  AND `device_brand` = ''  AND `device_type` = 'Unknow'  AND `device_version` = '10_13_6'  AND `day` = 20200921  AND `hour` = 13 LIMIT 1 [ RunTime:0.002295s ]
sql
[2020-09-22T08:52:15+08:00][ sql ] [ SQL ] UPDATE `cy_static_device_1000`  SET `platform` = 2 , `device_name` = 'Mac' , `device_brand` = '' , `device_type` = 'Unknow' , `device_version` = '10_13_6' , `account` = 3 , `day` = 20200921 , `hour` = 13  WHERE  `id` = 3 [ RunTime:0.002709s ]
sql
[2020-09-22T08:52:15+08:00][ error ] [16384]Specifying types in urls has been deprecated[/Users/mac/Downloads/chengya/cynsq/vendor/elasticsearch/elasticsearch/src/Elasticsearch/Endpoints/Search.php:34]
error
[2020-09-22T08:52:15+08:00][ sql ] [ SQL ] SHOW COLUMNS FROM `cy_static_area_1000` [ RunTime:0.002099s ]
sql
[2020-09-22T08:52:15+08:00][ sql ] [ SQL ] SELECT * FROM `cy_static_area_1000` WHERE  `platform` = 2  AND `province` = '河北省'  AND `city` = '石家庄市'  AND `day` = 20200921  AND `hour` = 13 LIMIT 1 [ RunTime:0.001427s ]
sql
[2020-09-22T08:52:15+08:00][ sql ] [ SQL ] UPDATE `cy_static_area_1000`  SET `platform` = 2 , `province` = '河北省' , `city` = '石家庄市' , `account` = 3 , `day` = 20200921 , `hour` = 13  WHERE  `id` = 2 [ RunTime:0.002795s ]
sql
[2020-09-22T08:52:24+08:00][ info ] [ LANG ] /Users/mac/Downloads/chengya/cynsq/thinkphp/lang/zh-cn.php
info
[2020-09-22T08:52:24+08:00][ error ] [16384]Specifying types in urls has been deprecated[/Users/mac/Downloads/chengya/cynsq/vendor/elasticsearch/elasticsearch/src/Elasticsearch/Endpoints/Search.php:34]
error
[2020-09-22T08:52:24+08:00][ info ] [ DB ] INIT mysql
info
[2020-09-22T08:52:24+08:00][ sql ] [ DB ] CONNECT:[ UseTime:0.004286s ] mysql:host=192.168.1.156;dbname=statics;charset=utf8
sql
[2020-09-22T08:52:24+08:00][ sql ] [ SQL ] SHOW COLUMNS FROM `cy_static_data_1000` [ RunTime:0.002687s ]
sql
[2020-09-22T08:52:24+08:00][ sql ] [ SQL ] SELECT * FROM `cy_static_data_1000` WHERE  `platform` = 2  AND `point_id` = 1000  AND `expoint` = 0  AND `day` = 20200921  AND `hour` = 13 LIMIT 1 [ RunTime:0.002226s ]
sql
[2020-09-22T08:52:24+08:00][ sql ] [ SQL ] UPDATE `cy_static_data_1000`  SET `platform` = 2 , `point_id` = 1000 , `expoint` = 0 , `account` = 1 , `day` = 20200921 , `hour` = 13  WHERE  `id` = 7 [ RunTime:0.002101s ]
sql
[2020-09-22T08:52:24+08:00][ sql ] [ SQL ] SELECT * FROM `cy_static_data_1000` WHERE  `platform` = 2  AND `point_id` = 1001  AND `expoint` = 0  AND `day` = 20200921  AND `hour` = 13 LIMIT 1 [ RunTime:0.001366s ]
sql
[2020-09-22T08:52:24+08:00][ sql ] [ SQL ] UPDATE `cy_static_data_1000`  SET `platform` = 2 , `point_id` = 1001 , `expoint` = 0 , `account` = 1 , `day` = 20200921 , `hour` = 13  WHERE  `id` = 8 [ RunTime:0.002900s ]
sql
[2020-09-22T08:52:24+08:00][ sql ] [ SQL ] SELECT * FROM `cy_static_data_1000` WHERE  `platform` = 2  AND `point_id` = 1002  AND `expoint` = 0  AND `day` = 20200921  AND `hour` = 13 LIMIT 1 [ RunTime:0.001999s ]
sql
[2020-09-22T08:52:24+08:00][ sql ] [ SQL ] UPDATE `cy_static_data_1000`  SET `platform` = 2 , `point_id` = 1002 , `expoint` = 0 , `account` = 1 , `day` = 20200921 , `hour` = 13  WHERE  `id` = 9 [ RunTime:0.002652s ]
sql
[2020-09-22T08:52:24+08:00][ error ] [16384]Specifying types in urls has been deprecated[/Users/mac/Downloads/chengya/cynsq/vendor/elasticsearch/elasticsearch/src/Elasticsearch/Endpoints/Search.php:34]
error
[2020-09-22T08:52:24+08:00][ sql ] [ SQL ] SHOW COLUMNS FROM `cy_view_user_1000` [ RunTime:0.002114s ]
sql
[2020-09-22T08:52:24+08:00][ sql ] [ SQL ] SELECT COUNT(*) AS tp_count FROM `cy_view_user_1000` WHERE  `platform` = 2  AND `point_id` = 1000  AND `view_user_id` = 'ax120390'  AND `device_name` = 'Mac'  AND `device_brand` = ''  AND `device_type` = 'Unknow'  AND `device_version` = '10_13_6'  AND `province` = '河北省'  AND `city` = '石家庄市'  AND `day` = 20200921  AND `hour` = 13 [ RunTime:0.001929s ]
sql
[2020-09-22T08:52:24+08:00][ sql ] [ SQL ] SELECT COUNT(*) AS tp_count FROM `cy_view_user_1000` WHERE  `platform` = 2  AND `point_id` = 1001  AND `view_user_id` = 'ax120390'  AND `device_name` = 'Mac'  AND `device_brand` = ''  AND `device_type` = 'Unknow'  AND `device_version` = '10_13_6'  AND `province` = '河北省'  AND `city` = '石家庄市'  AND `day` = 20200921  AND `hour` = 13 [ RunTime:0.002067s ]
sql
[2020-09-22T08:52:24+08:00][ sql ] [ SQL ] SELECT COUNT(*) AS tp_count FROM `cy_view_user_1000` WHERE  `platform` = 2  AND `point_id` = 1002  AND `view_user_id` = 'ax120390'  AND `device_name` = 'Mac'  AND `device_brand` = ''  AND `device_type` = 'Unknow'  AND `device_version` = '10_13_6'  AND `province` = '河北省'  AND `city` = '石家庄市'  AND `day` = 20200921  AND `hour` = 13 [ RunTime:0.002060s ]
sql
[2020-09-22T08:52:24+08:00][ error ] [16384]Specifying types in urls has been deprecated[/Users/mac/Downloads/chengya/cynsq/vendor/elasticsearch/elasticsearch/src/Elasticsearch/Endpoints/Search.php:34]
error
[2020-09-22T08:52:24+08:00][ sql ] [ SQL ] SHOW COLUMNS FROM `cy_static_device_1000` [ RunTime:0.002207s ]
sql
[2020-09-22T08:52:24+08:00][ sql ] [ SQL ] SELECT * FROM `cy_static_device_1000` WHERE  `platform` = 2  AND `device_name` = 'Mac'  AND `device_brand` = ''  AND `device_type` = 'Unknow'  AND `device_version` = '10_13_6'  AND `day` = 20200921  AND `hour` = 13 LIMIT 1 [ RunTime:0.001978s ]
sql
[2020-09-22T08:52:24+08:00][ sql ] [ SQL ] UPDATE `cy_static_device_1000`  SET `platform` = 2 , `device_name` = 'Mac' , `device_brand` = '' , `device_type` = 'Unknow' , `device_version` = '10_13_6' , `account` = 3 , `day` = 20200921 , `hour` = 13  WHERE  `id` = 3 [ RunTime:0.002461s ]
sql
[2020-09-22T08:52:24+08:00][ error ] [16384]Specifying types in urls has been deprecated[/Users/mac/Downloads/chengya/cynsq/vendor/elasticsearch/elasticsearch/src/Elasticsearch/Endpoints/Search.php:34]
error
[2020-09-22T08:52:24+08:00][ sql ] [ SQL ] SHOW COLUMNS FROM `cy_static_area_1000` [ RunTime:0.002106s ]
sql
[2020-09-22T08:52:24+08:00][ sql ] [ SQL ] SELECT * FROM `cy_static_area_1000` WHERE  `platform` = 2  AND `province` = '河北省'  AND `city` = '石家庄市'  AND `day` = 20200921  AND `hour` = 13 LIMIT 1 [ RunTime:0.001854s ]
sql
[2020-09-22T08:52:24+08:00][ sql ] [ SQL ] UPDATE `cy_static_area_1000`  SET `platform` = 2 , `province` = '河北省' , `city` = '石家庄市' , `account` = 3 , `day` = 20200921 , `hour` = 13  WHERE  `id` = 2 [ RunTime:0.002425s ]
sql
[2020-09-22T08:52:36+08:00][ info ] [ LANG ] /Users/mac/Downloads/chengya/cynsq/thinkphp/lang/zh-cn.php
info
[2020-09-22T08:52:36+08:00][ error ] [16384]Specifying types in urls has been deprecated[/Users/mac/Downloads/chengya/cynsq/vendor/elasticsearch/elasticsearch/src/Elasticsearch/Endpoints/Search.php:34]
error
[2020-09-22T08:52:36+08:00][ info ] [ DB ] INIT mysql
info
[2020-09-22T08:52:36+08:00][ sql ] [ DB ] CONNECT:[ UseTime:0.003601s ] mysql:host=192.168.1.156;dbname=statics;charset=utf8
sql
[2020-09-22T08:52:36+08:00][ sql ] [ SQL ] SHOW COLUMNS FROM `cy_static_data_1000` [ RunTime:0.003642s ]
sql
[2020-09-22T08:52:36+08:00][ sql ] [ SQL ] SELECT * FROM `cy_static_data_1000` WHERE  `platform` = 2  AND `point_id` = 1000  AND `expoint` = 0  AND `day` = 20200921  AND `hour` = 13 LIMIT 1 [ RunTime:0.002156s ]
sql
[2020-09-22T08:52:36+08:00][ sql ] [ SQL ] UPDATE `cy_static_data_1000`  SET `platform` = 2 , `point_id` = 1000 , `expoint` = 0 , `account` = 1 , `day` = 20200921 , `hour` = 13  WHERE  `id` = 7 [ RunTime:0.002192s ]
sql
[2020-09-22T08:52:36+08:00][ sql ] [ SQL ] SELECT * FROM `cy_static_data_1000` WHERE  `platform` = 2  AND `point_id` = 1001  AND `expoint` = 0  AND `day` = 20200921  AND `hour` = 13 LIMIT 1 [ RunTime:0.002236s ]
sql
[2020-09-22T08:52:36+08:00][ sql ] [ SQL ] UPDATE `cy_static_data_1000`  SET `platform` = 2 , `point_id` = 1001 , `expoint` = 0 , `account` = 1 , `day` = 20200921 , `hour` = 13  WHERE  `id` = 8 [ RunTime:0.002289s ]
sql
[2020-09-22T08:52:36+08:00][ sql ] [ SQL ] SELECT * FROM `cy_static_data_1000` WHERE  `platform` = 2  AND `point_id` = 1002  AND `expoint` = 0  AND `day` = 20200921  AND `hour` = 13 LIMIT 1 [ RunTime:0.001713s ]
sql
[2020-09-22T08:52:36+08:00][ sql ] [ SQL ] UPDATE `cy_static_data_1000`  SET `platform` = 2 , `point_id` = 1002 , `expoint` = 0 , `account` = 1 , `day` = 20200921 , `hour` = 13  WHERE  `id` = 9 [ RunTime:0.002527s ]
sql
[2020-09-22T08:52:36+08:00][ error ] [16384]Specifying types in urls has been deprecated[/Users/mac/Downloads/chengya/cynsq/vendor/elasticsearch/elasticsearch/src/Elasticsearch/Endpoints/Search.php:34]
error
[2020-09-22T08:52:36+08:00][ sql ] [ SQL ] SHOW COLUMNS FROM `cy_view_user_1000` [ RunTime:0.002160s ]
sql
[2020-09-22T08:52:36+08:00][ sql ] [ SQL ] SELECT COUNT(*) AS tp_count FROM `cy_view_user_1000` WHERE  `platform` = 2  AND `point_id` = 1000  AND `view_user_id` = 'ax120390'  AND `device_name` = 'Mac'  AND `device_brand` = ''  AND `device_type` = 'Unknow'  AND `device_version` = '10_13_6'  AND `province` = '河北省'  AND `city` = '石家庄市'  AND `day` = 20200921  AND `hour` = 13 [ RunTime:0.002055s ]
sql
[2020-09-22T08:52:37+08:00][ sql ] [ SQL ] SELECT COUNT(*) AS tp_count FROM `cy_view_user_1000` WHERE  `platform` = 2  AND `point_id` = 1001  AND `view_user_id` = 'ax120390'  AND `device_name` = 'Mac'  AND `device_brand` = ''  AND `device_type` = 'Unknow'  AND `device_version` = '10_13_6'  AND `province` = '河北省'  AND `city` = '石家庄市'  AND `day` = 20200921  AND `hour` = 13 [ RunTime:0.001384s ]
sql
[2020-09-22T08:52:37+08:00][ sql ] [ SQL ] SELECT COUNT(*) AS tp_count FROM `cy_view_user_1000` WHERE  `platform` = 2  AND `point_id` = 1002  AND `view_user_id` = 'ax120390'  AND `device_name` = 'Mac'  AND `device_brand` = ''  AND `device_type` = 'Unknow'  AND `device_version` = '10_13_6'  AND `province` = '河北省'  AND `city` = '石家庄市'  AND `day` = 20200921  AND `hour` = 13 [ RunTime:0.001362s ]
sql
[2020-09-22T08:52:37+08:00][ error ] [16384]Specifying types in urls has been deprecated[/Users/mac/Downloads/chengya/cynsq/vendor/elasticsearch/elasticsearch/src/Elasticsearch/Endpoints/Search.php:34]
error
[2020-09-22T08:52:37+08:00][ sql ] [ SQL ] SHOW COLUMNS FROM `cy_static_device_1000` [ RunTime:0.002090s ]
sql
[2020-09-22T08:52:37+08:00][ sql ] [ SQL ] SELECT * FROM `cy_static_device_1000` WHERE  `platform` = 2  AND `device_name` = 'Mac'  AND `device_brand` = ''  AND `device_type` = 'Unknow'  AND `device_version` = '10_13_6'  AND `day` = 20200921  AND `hour` = 13 LIMIT 1 [ RunTime:0.001488s ]
sql
[2020-09-22T08:52:37+08:00][ sql ] [ SQL ] UPDATE `cy_static_device_1000`  SET `platform` = 2 , `device_name` = 'Mac' , `device_brand` = '' , `device_type` = 'Unknow' , `device_version` = '10_13_6' , `account` = 3 , `day` = 20200921 , `hour` = 13  WHERE  `id` = 3 [ RunTime:0.002994s ]
sql
[2020-09-22T08:52:37+08:00][ error ] [16384]Specifying types in urls has been deprecated[/Users/mac/Downloads/chengya/cynsq/vendor/elasticsearch/elasticsearch/src/Elasticsearch/Endpoints/Search.php:34]
error
[2020-09-22T08:52:37+08:00][ sql ] [ SQL ] SHOW COLUMNS FROM `cy_static_area_1000` [ RunTime:0.002191s ]
sql
[2020-09-22T08:52:37+08:00][ sql ] [ SQL ] SELECT * FROM `cy_static_area_1000` WHERE  `platform` = 2  AND `province` = '河北省'  AND `city` = '石家庄市'  AND `day` = 20200921  AND `hour` = 13 LIMIT 1 [ RunTime:0.002072s ]
sql
[2020-09-22T08:52:37+08:00][ sql ] [ SQL ] INSERT INTO `cy_static_area_1000` (`platform` , `province` , `city` , `account` , `day` , `hour`) VALUES (2 , '河北省' , '石家庄市' , 3 , 20200921 , 13) [ RunTime:0.002109s ]
sql
